mode: atomic
QMLauncher/pkg/updater/nowindow_other.go:7.37,7.38 0 0
QMLauncher/pkg/updater/qmweb.go:24.28,25.48 1 0
QMLauncher/pkg/updater/qmweb.go:25.48,27.3 1 0
QMLauncher/pkg/updater/qmweb.go:28.2,28.25 1 0
QMLauncher/pkg/updater/qmweb.go:32.50,34.16 2 0
QMLauncher/pkg/updater/qmweb.go:34.16,36.3 1 0
QMLauncher/pkg/updater/qmweb.go:37.2,39.41 3 0
QMLauncher/pkg/updater/qmweb.go:39.41,41.3 1 0
QMLauncher/pkg/updater/qmweb.go:42.2,42.43 1 0
QMLauncher/pkg/updater/qmweb.go:46.63,63.2 1 0
QMLauncher/pkg/updater/qmweb.go:65.56,68.16 3 0
QMLauncher/pkg/updater/qmweb.go:68.16,70.3 1 0
QMLauncher/pkg/updater/qmweb.go:71.2,72.38 2 0
QMLauncher/pkg/updater/qmweb.go:72.38,74.3 1 0
QMLauncher/pkg/updater/qmweb.go:75.2,76.16 2 0
QMLauncher/pkg/updater/qmweb.go:76.16,78.3 1 0
QMLauncher/pkg/updater/qmweb.go:79.2,79.42 1 0
QMLauncher/pkg/updater/qmweb.go:83.47,88.53 5 0
QMLauncher/pkg/updater/qmweb.go:88.53,89.18 1 0
QMLauncher/pkg/updater/qmweb.go:89.18,92.4 1 0
QMLauncher/pkg/updater/qmweb.go:93.3,94.17 2 0
QMLauncher/pkg/updater/qmweb.go:94.17,96.4 1 0
QMLauncher/pkg/updater/qmweb.go:97.3,97.16 1 0
QMLauncher/pkg/updater/qmweb.go:99.2,99.20 1 0
QMLauncher/pkg/updater/qmweb.go:104.51,105.31 1 0
QMLauncher/pkg/updater/qmweb.go:105.31,107.3 1 0
QMLauncher/pkg/updater/qmweb.go:108.2,109.16 2 0
QMLauncher/pkg/updater/qmweb.go:109.16,111.3 1 0
QMLauncher/pkg/updater/qmweb.go:112.2,112.84 1 0
QMLauncher/pkg/updater/qmweb.go:112.84,114.3 1 0
QMLauncher/pkg/updater/qmweb.go:115.2,116.16 2 0
QMLauncher/pkg/updater/qmweb.go:116.16,118.3 1 0
QMLauncher/pkg/updater/qmweb.go:119.2,120.16 2 0
QMLauncher/pkg/updater/qmweb.go:120.16,121.19 1 0
QMLauncher/pkg/updater/qmweb.go:121.19,123.4 1 0
QMLauncher/pkg/updater/qmweb.go:124.3,124.15 1 0
QMLauncher/pkg/updater/qmweb.go:126.2,126.48 1 0
QMLauncher/pkg/updater/qmweb.go:131.59,132.31 1 0
QMLauncher/pkg/updater/qmweb.go:132.31,134.3 1 0
QMLauncher/pkg/updater/qmweb.go:135.2,136.16 2 0
QMLauncher/pkg/updater/qmweb.go:136.16,138.3 1 0
QMLauncher/pkg/updater/qmweb.go:139.2,139.84 1 0
QMLauncher/pkg/updater/qmweb.go:139.84,141.3 1 0
QMLauncher/pkg/updater/qmweb.go:142.2,143.16 2 0
QMLauncher/pkg/updater/qmweb.go:143.16,145.3 1 0
QMLauncher/pkg/updater/qmweb.go:146.2,147.16 2 0
QMLauncher/pkg/updater/qmweb.go:147.16,149.3 1 0
QMLauncher/pkg/updater/qmweb.go:150.2,150.44 1 0
QMLauncher/pkg/updater/qmweb.go:150.44,152.3 1 0
QMLauncher/pkg/updater/qmweb.go:153.2,153.18 1 0
QMLauncher/pkg/updater/qmweb.go:153.18,155.3 1 0
QMLauncher/pkg/updater/qmweb.go:156.2,160.59 5 0
QMLauncher/pkg/updater/qmweb.go:160.59,161.19 1 0
QMLauncher/pkg/updater/qmweb.go:161.19,163.4 1 0
QMLauncher/pkg/updater/qmweb.go:164.3,164.13 1 0
QMLauncher/pkg/updater/qmweb.go:166.2,167.64 2 0
QMLauncher/pkg/updater/qmweb.go:167.64,170.3 2 0
QMLauncher/pkg/updater/qmweb.go:171.2,171.67 1 0
QMLauncher/pkg/updater/qmweb.go:171.67,173.3 1 0
QMLauncher/pkg/updater/qmweb.go:174.2,175.12 2 0
QMLauncher/pkg/updater/qmweb.go:180.56,181.33 1 0
QMLauncher/pkg/updater/qmweb.go:181.33,183.3 1 0
QMLauncher/pkg/updater/qmweb.go:184.2,184.58 1 0
QMLauncher/pkg/updater/qmweb.go:184.58,185.19 1 0
QMLauncher/pkg/updater/qmweb.go:185.19,187.4 1 0
QMLauncher/pkg/updater/qmweb.go:188.3,188.15 1 0
QMLauncher/pkg/updater/qmweb.go:190.2,190.13 1 0
QMLauncher/pkg/updater/qmweb.go:193.43,196.16 3 0
QMLauncher/pkg/updater/qmweb.go:196.16,198.3 1 0
QMLauncher/pkg/updater/qmweb.go:199.2,200.38 2 0
QMLauncher/pkg/updater/qmweb.go:200.38,202.3 1 0
QMLauncher/pkg/updater/qmweb.go:203.2,204.16 2 0
QMLauncher/pkg/updater/qmweb.go:204.16,206.3 1 0
QMLauncher/pkg/updater/qmweb.go:207.2,209.12 3 0
QMLauncher/pkg/updater/qmweb.go:212.77,221.65 3 0
QMLauncher/pkg/updater/qmweb.go:221.65,223.3 1 0
QMLauncher/pkg/updater/qmweb.go:224.2,226.36 3 0
QMLauncher/pkg/updater/qmweb.go:226.36,228.3 1 0
QMLauncher/pkg/updater/qmweb.go:229.2,229.12 1 0
QMLauncher/pkg/updater/updater.go:54.61,62.2 1 0
QMLauncher/pkg/updater/updater.go:65.58,75.44 4 0
QMLauncher/pkg/updater/updater.go:75.44,77.3 1 0
QMLauncher/pkg/updater/updater.go:80.2,80.64 1 0
QMLauncher/pkg/updater/updater.go:80.64,82.3 1 0
QMLauncher/pkg/updater/updater.go:84.2,87.29 3 0
QMLauncher/pkg/updater/updater.go:87.29,89.3 1 0
QMLauncher/pkg/updater/updater.go:92.2,93.18 2 0
QMLauncher/pkg/updater/updater.go:93.18,95.3 1 0
QMLauncher/pkg/updater/updater.go:97.2,104.8 1 0
QMLauncher/pkg/updater/updater.go:108.63,114.12 4 0
QMLauncher/pkg/updater/updater.go:115.17,116.27 1 0
QMLauncher/pkg/updater/updater.go:117.16,118.26 1 0
QMLauncher/pkg/updater/updater.go:119.15,120.25 1 0
QMLauncher/pkg/updater/updater.go:124.2,125.14 2 0
QMLauncher/pkg/updater/updater.go:126.15,127.27 1 0
QMLauncher/pkg/updater/updater.go:128.13,129.25 1 0
QMLauncher/pkg/updater/updater.go:132.2,132.31 1 0
QMLauncher/pkg/updater/updater.go:132.31,141.13 2 0
QMLauncher/pkg/updater/updater.go:142.18,143.111 1 0
QMLauncher/pkg/updater/updater.go:143.111,145.5 1 0
QMLauncher/pkg/updater/updater.go:146.17,147.109 1 0
QMLauncher/pkg/updater/updater.go:147.109,149.5 1 0
QMLauncher/pkg/updater/updater.go:150.16,151.109 1 0
QMLauncher/pkg/updater/updater.go:151.109,153.5 1 0
QMLauncher/pkg/updater/updater.go:157.3,157.85 1 0
QMLauncher/pkg/updater/updater.go:157.85,159.4 1 0
QMLauncher/pkg/updater/updater.go:162.2,162.12 1 0
QMLauncher/pkg/updater/updater.go:166.96,167.48 1 0
QMLauncher/pkg/updater/updater.go:167.48,169.3 1 0
QMLauncher/pkg/updater/updater.go:172.2,173.51 2 0
QMLauncher/pkg/updater/updater.go:173.51,175.3 1 0
QMLauncher/pkg/updater/updater.go:177.2,180.91 2 0
QMLauncher/pkg/updater/updater.go:180.91,182.3 1 0
QMLauncher/pkg/updater/updater.go:185.2,185.59 1 0
QMLauncher/pkg/updater/updater.go:185.59,187.3 1 0
QMLauncher/pkg/updater/updater.go:190.2,191.16 2 0
QMLauncher/pkg/updater/updater.go:191.16,193.3 1 0
QMLauncher/pkg/updater/updater.go:196.2,196.51 1 0
QMLauncher/pkg/updater/updater.go:196.51,198.3 1 0
QMLauncher/pkg/updater/updater.go:201.2,203.12 2 0
QMLauncher/pkg/updater/updater.go:207.92,209.16 2 0
QMLauncher/pkg/updater/updater.go:209.16,211.3 1 0
QMLauncher/pkg/updater/updater.go:212.2,214.38 2 0
QMLauncher/pkg/updater/updater.go:214.38,216.3 1 0
QMLauncher/pkg/updater/updater.go:218.2,219.16 2 0
QMLauncher/pkg/updater/updater.go:219.16,221.3 1 0
QMLauncher/pkg/updater/updater.go:222.2,231.12 4 0
QMLauncher/pkg/updater/updater.go:242.55,246.40 3 0
QMLauncher/pkg/updater/updater.go:246.40,249.3 2 0
QMLauncher/pkg/updater/updater.go:251.2,251.15 1 0
QMLauncher/pkg/updater/updater.go:255.64,257.16 2 0
QMLauncher/pkg/updater/updater.go:257.16,259.3 1 0
QMLauncher/pkg/updater/updater.go:260.2,262.35 2 0
QMLauncher/pkg/updater/updater.go:262.35,265.30 2 0
QMLauncher/pkg/updater/updater.go:265.30,267.12 2 0
QMLauncher/pkg/updater/updater.go:270.3,270.63 1 0
QMLauncher/pkg/updater/updater.go:270.63,272.4 1 0
QMLauncher/pkg/updater/updater.go:274.3,275.17 2 0
QMLauncher/pkg/updater/updater.go:275.17,277.4 1 0
QMLauncher/pkg/updater/updater.go:279.3,280.17 2 0
QMLauncher/pkg/updater/updater.go:280.17,283.4 2 0
QMLauncher/pkg/updater/updater.go:285.3,289.17 4 0
QMLauncher/pkg/updater/updater.go:289.17,291.4 1 0
QMLauncher/pkg/updater/updater.go:294.3,294.32 1 0
QMLauncher/pkg/updater/updater.go:294.32,296.4 1 0
QMLauncher/pkg/updater/updater.go:299.2,299.12 1 0
QMLauncher/pkg/updater/updater.go:303.54,307.114 2 0
QMLauncher/pkg/updater/updater.go:307.114,309.3 1 0
QMLauncher/pkg/updater/updater.go:312.2,312.31 1 0
QMLauncher/pkg/updater/updater.go:312.31,314.3 1 0
QMLauncher/pkg/updater/updater.go:317.2,317.34 1 0
QMLauncher/pkg/updater/updater.go:317.34,319.3 1 0
QMLauncher/pkg/updater/updater.go:322.2,323.37 2 0
QMLauncher/pkg/updater/updater.go:323.37,324.109 1 0
QMLauncher/pkg/updater/updater.go:324.109,326.4 1 0
QMLauncher/pkg/updater/updater.go:329.2,329.14 1 0
QMLauncher/pkg/updater/updater.go:333.68,336.88 2 0
QMLauncher/pkg/updater/updater.go:336.88,337.17 1 0
QMLauncher/pkg/updater/updater.go:337.17,339.4 1 0
QMLauncher/pkg/updater/updater.go:341.3,341.51 1 0
QMLauncher/pkg/updater/updater.go:341.51,343.4 1 0
QMLauncher/pkg/updater/updater.go:345.3,345.13 1 0
QMLauncher/pkg/updater/updater.go:348.2,348.16 1 0
QMLauncher/pkg/updater/updater.go:348.16,350.3 1 0
QMLauncher/pkg/updater/updater.go:352.2,352.26 1 0
QMLauncher/pkg/updater/updater.go:352.26,354.3 1 0
QMLauncher/pkg/updater/updater.go:357.2,357.27 1 0
QMLauncher/pkg/updater/updater.go:361.57,364.16 2 0
QMLauncher/pkg/updater/updater.go:364.16,366.3 1 0
QMLauncher/pkg/updater/updater.go:369.2,370.60 2 0
QMLauncher/pkg/updater/updater.go:370.60,372.3 1 0
QMLauncher/pkg/updater/updater.go:375.2,375.59 1 0
QMLauncher/pkg/updater/updater.go:375.59,380.3 3 0
QMLauncher/pkg/updater/updater.go:383.2,383.54 1 0
QMLauncher/pkg/updater/updater.go:383.54,385.3 1 0
QMLauncher/pkg/updater/updater.go:387.2,387.12 1 0
QMLauncher/pkg/updater/updater.go:391.38,393.16 2 0
QMLauncher/pkg/updater/updater.go:393.16,395.3 1 0
QMLauncher/pkg/updater/updater.go:396.2,399.16 3 0
QMLauncher/pkg/updater/updater.go:399.16,401.3 1 0
QMLauncher/pkg/updater/updater.go:402.2,405.16 3 0
QMLauncher/pkg/updater/updater.go:405.16,407.3 1 0
QMLauncher/pkg/updater/updater.go:409.2,409.24 1 0
QMLauncher/pkg/updater/updater.go:413.54,420.2 1 0
QMLauncher/pkg/auth/auth.go:26.13,27.59 1 0
QMLauncher/pkg/auth/auth.go:27.59,29.3 1 0
QMLauncher/pkg/auth/auth.go:33.39,35.2 1 0
QMLauncher/pkg/auth/auth.go:49.29,60.2 4 0
QMLauncher/pkg/auth/auth.go:75.52,81.16 3 0
QMLauncher/pkg/auth/auth.go:81.16,83.3 1 0
QMLauncher/pkg/auth/auth.go:84.2,85.52 2 0
QMLauncher/pkg/auth/auth.go:85.52,87.3 1 0
QMLauncher/pkg/auth/auth.go:88.2,90.52 3 0
QMLauncher/pkg/auth/auth.go:90.52,92.3 1 0
QMLauncher/pkg/auth/auth.go:94.2,94.18 1 0
QMLauncher/pkg/auth/auth.go:110.63,113.16 3 0
QMLauncher/pkg/auth/auth.go:113.16,115.3 1 0
QMLauncher/pkg/auth/auth.go:116.2,118.52 3 0
QMLauncher/pkg/auth/auth.go:118.52,120.3 1 0
QMLauncher/pkg/auth/auth.go:121.2,121.18 1 0
QMLauncher/pkg/auth/auth.go:135.66,157.16 5 0
QMLauncher/pkg/auth/auth.go:157.16,159.3 1 0
QMLauncher/pkg/auth/auth.go:160.2,160.52 1 0
QMLauncher/pkg/auth/auth.go:160.52,162.3 1 0
QMLauncher/pkg/auth/auth.go:163.2,167.52 4 0
QMLauncher/pkg/auth/auth.go:167.52,169.3 1 0
QMLauncher/pkg/auth/auth.go:170.2,170.18 1 0
QMLauncher/pkg/auth/auth.go:182.62,202.16 5 0
QMLauncher/pkg/auth/auth.go:202.16,204.3 1 0
QMLauncher/pkg/auth/auth.go:205.2,208.52 4 0
QMLauncher/pkg/auth/auth.go:208.52,210.3 1 0
QMLauncher/pkg/auth/auth.go:212.2,212.52 1 0
QMLauncher/pkg/auth/auth.go:212.52,213.21 1 0
QMLauncher/pkg/auth/auth.go:213.21,215.4 1 0
QMLauncher/pkg/auth/auth.go:216.3,216.29 1 0
QMLauncher/pkg/auth/auth.go:218.2,218.18 1 0
QMLauncher/pkg/auth/auth.go:235.108,244.16 4 0
QMLauncher/pkg/auth/auth.go:244.16,246.3 1 0
QMLauncher/pkg/auth/auth.go:247.2,247.52 1 0
QMLauncher/pkg/auth/auth.go:247.52,249.3 1 0
QMLauncher/pkg/auth/auth.go:250.2,252.52 3 0
QMLauncher/pkg/auth/auth.go:252.52,254.3 1 0
QMLauncher/pkg/auth/auth.go:256.2,259.16 4 0
QMLauncher/pkg/auth/auth.go:259.16,261.3 1 0
QMLauncher/pkg/auth/auth.go:262.2,264.55 3 0
QMLauncher/pkg/auth/auth.go:264.55,266.3 1 0
QMLauncher/pkg/auth/auth.go:267.2,267.52 1 0
QMLauncher/pkg/auth/auth.go:267.52,268.56 1 0
QMLauncher/pkg/auth/auth.go:268.56,270.4 1 0
QMLauncher/pkg/auth/auth.go:271.3,271.54 1 0
QMLauncher/pkg/auth/auth.go:273.2,273.27 1 0
QMLauncher/pkg/auth/auth.go:279.38,280.34 1 0
QMLauncher/pkg/auth/auth.go:280.34,282.3 1 0
QMLauncher/pkg/auth/auth.go:283.2,283.26 1 0
QMLauncher/pkg/auth/auth.go:283.26,284.45 1 0
QMLauncher/pkg/auth/auth.go:284.45,286.4 1 0
QMLauncher/pkg/auth/auth.go:288.2,288.26 1 0
QMLauncher/pkg/auth/auth.go:288.26,289.45 1 0
QMLauncher/pkg/auth/auth.go:289.45,291.4 1 0
QMLauncher/pkg/auth/auth.go:293.2,293.27 1 0
QMLauncher/pkg/auth/auth.go:293.27,294.46 1 0
QMLauncher/pkg/auth/auth.go:294.46,296.4 1 0
QMLauncher/pkg/auth/auth.go:298.2,298.32 1 0
QMLauncher/pkg/auth/auth.go:298.32,299.51 1 0
QMLauncher/pkg/auth/auth.go:299.51,301.4 1 0
QMLauncher/pkg/auth/auth.go:303.2,303.45 1 0
QMLauncher/pkg/auth/auth.go:303.45,305.3 1 0
QMLauncher/pkg/auth/auth.go:306.2,310.8 1 0
QMLauncher/pkg/auth/auth.go:319.70,324.16 4 0
QMLauncher/pkg/auth/auth.go:324.16,326.3 1 0
QMLauncher/pkg/auth/auth.go:327.2,328.83 2 0
QMLauncher/pkg/auth/auth.go:328.83,330.32 2 0
QMLauncher/pkg/auth/auth.go:330.32,333.4 2 0
QMLauncher/pkg/auth/auth.go:333.9,335.4 1 0
QMLauncher/pkg/auth/auth.go:336.3,337.43 2 0
QMLauncher/pkg/auth/auth.go:339.2,340.16 2 0
QMLauncher/pkg/auth/auth.go:340.16,342.3 1 0
QMLauncher/pkg/auth/auth.go:344.2,351.16 2 0
QMLauncher/pkg/auth/auth.go:351.16,353.3 1 0
QMLauncher/pkg/auth/auth.go:354.2,356.23 2 0
QMLauncher/pkg/auth/auth.go:362.73,363.6 1 0
QMLauncher/pkg/auth/auth.go:363.6,369.17 2 0
QMLauncher/pkg/auth/auth.go:369.17,371.4 1 0
QMLauncher/pkg/auth/auth.go:373.3,373.21 1 0
QMLauncher/pkg/auth/auth.go:374.32,376.12 2 0
QMLauncher/pkg/auth/auth.go:377.33,378.62 1 0
QMLauncher/pkg/auth/auth.go:379.11,380.25 1 0
QMLauncher/pkg/auth/auth.go:381.11,382.53 1 0
QMLauncher/pkg/auth/auth.go:384.3,384.8 1 0
QMLauncher/pkg/auth/auth.go:386.2,386.23 1 0
QMLauncher/pkg/auth/auth.go:391.53,399.16 2 0
QMLauncher/pkg/auth/auth.go:399.16,401.3 1 0
QMLauncher/pkg/auth/auth.go:402.2,404.23 2 0
QMLauncher/pkg/auth/cloud_store.go:21.44,25.23 4 0
QMLauncher/pkg/auth/cloud_store.go:25.23,27.3 1 0
QMLauncher/pkg/auth/cloud_store.go:28.2,29.18 2 0
QMLauncher/pkg/auth/cloud_store.go:33.47,36.18 3 0
QMLauncher/pkg/auth/cloud_store.go:36.18,38.3 1 0
QMLauncher/pkg/auth/cloud_store.go:38.8,40.37 2 0
QMLauncher/pkg/auth/cloud_store.go:40.37,42.4 1 0
QMLauncher/pkg/auth/cloud_store.go:44.2,44.27 1 0
QMLauncher/pkg/auth/cloud_store.go:48.59,52.20 4 0
QMLauncher/pkg/auth/cloud_store.go:52.20,54.3 1 0
QMLauncher/pkg/auth/cloud_store.go:55.2,56.41 2 0
QMLauncher/pkg/auth/cloud_store.go:56.41,57.64 1 0
QMLauncher/pkg/auth/cloud_store.go:57.64,61.9 4 0
QMLauncher/pkg/auth/cloud_store.go:64.2,64.12 1 0
QMLauncher/pkg/auth/cloud_store.go:64.12,70.3 1 0
QMLauncher/pkg/auth/cloud_store.go:71.2,71.34 1 0
QMLauncher/pkg/auth/cloud_store.go:71.34,73.3 1 0
QMLauncher/pkg/auth/cloud_store.go:74.2,74.27 1 0
QMLauncher/pkg/auth/cloud_store.go:78.45,81.39 3 0
QMLauncher/pkg/auth/cloud_store.go:81.39,83.3 1 0
QMLauncher/pkg/auth/cloud_store.go:84.2,84.34 1 0
QMLauncher/pkg/auth/cloud_store.go:84.34,85.42 1 0
QMLauncher/pkg/auth/cloud_store.go:85.42,86.82 1 0
QMLauncher/pkg/auth/cloud_store.go:86.82,89.5 2 0
QMLauncher/pkg/auth/cloud_store.go:92.2,93.11 2 0
QMLauncher/pkg/auth/cloud_store.go:97.63,98.20 1 0
QMLauncher/pkg/auth/cloud_store.go:98.20,100.3 1 0
QMLauncher/pkg/auth/cloud_store.go:101.2,103.39 3 0
QMLauncher/pkg/auth/cloud_store.go:103.39,105.3 1 0
QMLauncher/pkg/auth/cloud_store.go:106.2,107.41 2 0
QMLauncher/pkg/auth/cloud_store.go:107.41,108.75 1 0
QMLauncher/pkg/auth/cloud_store.go:108.75,111.4 2 0
QMLauncher/pkg/auth/cloud_store.go:113.2,114.27 2 0
QMLauncher/pkg/auth/cloud_store.go:118.45,123.44 5 0
QMLauncher/pkg/auth/cloud_store.go:123.44,124.39 1 0
QMLauncher/pkg/auth/cloud_store.go:124.39,126.4 1 0
QMLauncher/pkg/auth/cloud_store.go:128.2,129.53 2 0
QMLauncher/pkg/auth/cloud_store.go:129.53,131.39 2 0
QMLauncher/pkg/auth/cloud_store.go:131.39,133.4 1 0
QMLauncher/pkg/auth/cloud_store.go:135.2,135.27 1 0
QMLauncher/pkg/auth/cloud_store.go:138.38,140.2 1 0
QMLauncher/pkg/auth/cloud_store.go:142.43,143.26 1 0
QMLauncher/pkg/auth/cloud_store.go:143.26,144.15 1 0
QMLauncher/pkg/auth/cloud_store.go:144.15,146.4 1 0
QMLauncher/pkg/auth/cloud_store.go:148.2,148.14 1 0
QMLauncher/pkg/auth/store.go:22.43,24.2 1 0
QMLauncher/pkg/auth/store.go:25.44,32.16 2 0
QMLauncher/pkg/auth/store.go:32.16,34.3 1 0
QMLauncher/pkg/auth/store.go:35.2,36.12 2 0
QMLauncher/pkg/auth/store.go:38.52,42.2 3 0
QMLauncher/pkg/auth/store.go:50.43,52.2 1 0
QMLauncher/pkg/auth/store.go:53.44,55.16 2 0
QMLauncher/pkg/auth/store.go:55.16,57.3 1 0
QMLauncher/pkg/auth/store.go:58.2,59.12 2 0
QMLauncher/pkg/auth/store.go:61.52,65.2 3 0
QMLauncher/pkg/auth/store.go:72.44,74.2 1 0
QMLauncher/pkg/auth/store.go:75.45,77.16 2 0
QMLauncher/pkg/auth/store.go:77.16,79.3 1 0
QMLauncher/pkg/auth/store.go:80.2,81.12 2 0
QMLauncher/pkg/auth/store.go:83.54,86.2 2 0
QMLauncher/pkg/auth/store.go:95.49,97.2 1 0
QMLauncher/pkg/auth/store.go:98.50,100.16 2 0
QMLauncher/pkg/auth/store.go:100.16,102.3 1 0
QMLauncher/pkg/auth/store.go:103.2,104.12 2 0
QMLauncher/pkg/auth/store.go:106.90,111.2 4 0
QMLauncher/pkg/auth/store.go:140.46,143.2 2 0
QMLauncher/pkg/auth/store.go:146.39,150.2 3 0
QMLauncher/pkg/auth/store.go:153.28,155.2 1 0
QMLauncher/pkg/auth/store.go:158.55,161.2 2 0
QMLauncher/pkg/auth/store.go:164.41,166.2 1 0
QMLauncher/pkg/auth/store.go:170.36,177.2 4 0
QMLauncher/pkg/auth/store.go:181.48,183.27 2 0
QMLauncher/pkg/auth/store.go:183.27,187.25 4 0
QMLauncher/pkg/auth/store.go:187.25,189.4 1 0
QMLauncher/pkg/auth/store.go:191.2,191.28 1 0
QMLauncher/pkg/auth/store.go:196.81,197.32 1 0
QMLauncher/pkg/auth/store.go:197.32,199.3 1 0
QMLauncher/pkg/auth/store.go:200.2,209.30 3 0
QMLauncher/pkg/auth/store.go:209.30,211.3 1 0
QMLauncher/pkg/auth/store.go:213.2,213.22 1 0
QMLauncher/pkg/auth/store.go:218.66,219.41 1 0
QMLauncher/pkg/auth/store.go:219.41,220.27 1 0
QMLauncher/pkg/auth/store.go:220.27,222.36 2 0
QMLauncher/pkg/auth/store.go:222.36,224.5 1 0
QMLauncher/pkg/auth/store.go:225.4,226.10 2 0
QMLauncher/pkg/auth/store.go:232.66,234.41 2 0
QMLauncher/pkg/auth/store.go:234.41,236.3 1 0
QMLauncher/pkg/auth/store.go:237.2,237.14 1 0
QMLauncher/pkg/auth/store.go:241.65,243.41 1 0
QMLauncher/pkg/auth/store.go:243.41,244.27 1 0
QMLauncher/pkg/auth/store.go:244.27,248.4 3 0
QMLauncher/pkg/auth/store.go:253.61,255.2 1 0
QMLauncher/pkg/auth/store.go:258.58,259.32 1 0
QMLauncher/pkg/auth/store.go:259.32,261.3 1 0
QMLauncher/pkg/auth/store.go:262.2,262.37 1 0
QMLauncher/pkg/auth/store.go:262.37,263.39 1 0
QMLauncher/pkg/auth/store.go:263.39,265.4 1 0
QMLauncher/pkg/auth/store.go:267.2,268.22 2 0
QMLauncher/pkg/auth/store.go:272.38,274.2 1 0
QMLauncher/pkg/auth/store.go:277.55,278.37 1 0
QMLauncher/pkg/auth/store.go:278.37,279.42 1 0
QMLauncher/pkg/auth/store.go:279.42,281.4 1 0
QMLauncher/pkg/auth/store.go:283.2,283.12 1 0
QMLauncher/pkg/auth/store.go:288.55,289.16 1 0
QMLauncher/pkg/auth/store.go:289.16,291.3 1 0
QMLauncher/pkg/auth/store.go:292.2,292.20 1 0
QMLauncher/pkg/auth/store.go:292.20,294.3 1 0
QMLauncher/pkg/auth/store.go:295.2,296.25 2 0
QMLauncher/pkg/auth/store.go:296.25,298.3 1 0
QMLauncher/pkg/auth/store.go:300.2,300.37 1 0
QMLauncher/pkg/auth/store.go:300.37,301.46 1 0
QMLauncher/pkg/auth/store.go:301.46,304.9 3 0
QMLauncher/pkg/auth/store.go:307.2,307.17 1 0
QMLauncher/pkg/auth/store.go:312.53,314.2 1 0
QMLauncher/pkg/auth/vault.go:42.30,48.20 5 0
QMLauncher/pkg/auth/vault.go:48.20,49.52 1 0
QMLauncher/pkg/auth/vault.go:49.52,51.4 1 0
QMLauncher/pkg/auth/vault.go:52.3,53.13 2 0
QMLauncher/pkg/auth/vault.go:55.2,55.41 1 0
QMLauncher/pkg/auth/vault.go:55.41,57.3 1 0
QMLauncher/pkg/auth/vault.go:60.2,62.14 3 0
QMLauncher/pkg/auth/vault.go:62.14,63.44 1 0
QMLauncher/pkg/auth/vault.go:63.44,65.4 1 0
QMLauncher/pkg/auth/vault.go:66.3,66.32 1 0
QMLauncher/pkg/auth/vault.go:68.2,68.32 1 0
QMLauncher/pkg/auth/vault.go:68.32,70.3 1 0
QMLauncher/pkg/auth/vault.go:71.2,71.36 1 0
QMLauncher/pkg/auth/vault.go:71.36,73.3 1 0
QMLauncher/pkg/auth/vault.go:74.2,74.12 1 0
QMLauncher/pkg/auth/vault.go:77.43,79.37 2 0
QMLauncher/pkg/auth/vault.go:79.37,80.40 1 0
QMLauncher/pkg/auth/vault.go:80.40,82.46 2 0
QMLauncher/pkg/auth/vault.go:82.46,84.5 1 0
QMLauncher/pkg/auth/vault.go:85.4,85.20 1 0
QMLauncher/pkg/auth/vault.go:88.2,88.15 1 0
QMLauncher/pkg/auth/vault.go:88.15,90.3 1 0
QMLauncher/pkg/auth/vault.go:93.53,99.72 5 0
QMLauncher/pkg/auth/vault.go:99.72,101.38 2 0
QMLauncher/pkg/auth/vault.go:101.38,104.4 2 0
QMLauncher/pkg/auth/vault.go:107.2,107.70 1 0
QMLauncher/pkg/auth/vault.go:107.70,109.38 2 0
QMLauncher/pkg/auth/vault.go:109.38,112.4 2 0
QMLauncher/pkg/auth/vault.go:115.2,115.70 1 0
QMLauncher/pkg/auth/vault.go:115.70,117.38 2 0
QMLauncher/pkg/auth/vault.go:117.38,120.4 2 0
QMLauncher/pkg/auth/vault.go:123.2,123.36 1 0
QMLauncher/pkg/auth/vault.go:123.36,125.3 1 0
QMLauncher/pkg/auth/vault.go:126.2,126.32 1 0
QMLauncher/pkg/auth/vault.go:126.32,128.3 1 0
QMLauncher/pkg/auth/vault.go:130.2,130.12 1 0
QMLauncher/pkg/auth/vault.go:133.36,138.2 4 0
QMLauncher/pkg/auth/vault.go:140.52,141.21 1 0
QMLauncher/pkg/auth/vault.go:141.21,143.3 1 0
QMLauncher/pkg/auth/vault.go:144.2,150.30 7 0
QMLauncher/pkg/auth/vault.go:150.30,152.3 1 0
QMLauncher/pkg/auth/vault.go:153.2,155.17 3 0
QMLauncher/pkg/auth/vault.go:158.41,160.16 2 0
QMLauncher/pkg/auth/vault.go:160.16,162.3 1 0
QMLauncher/pkg/auth/vault.go:163.2,163.40 1 0
QMLauncher/pkg/auth/vault.go:163.40,165.3 1 0
QMLauncher/pkg/auth/vault.go:166.2,166.49 1 0
QMLauncher/pkg/auth/vault.go:166.49,168.3 1 0
QMLauncher/pkg/auth/vault.go:169.2,169.42 1 0
QMLauncher/pkg/auth/vault.go:169.42,171.3 1 0
QMLauncher/pkg/auth/vault.go:172.2,177.16 5 0
QMLauncher/pkg/auth/vault.go:177.16,179.3 1 0
QMLauncher/pkg/auth/vault.go:180.2,181.16 2 0
QMLauncher/pkg/auth/vault.go:181.16,183.3 1 0
QMLauncher/pkg/auth/vault.go:184.2,185.16 2 0
QMLauncher/pkg/auth/vault.go:185.16,187.3 1 0
QMLauncher/pkg/auth/vault.go:188.2,189.16 2 0
QMLauncher/pkg/auth/vault.go:189.16,191.3 1 0
QMLauncher/pkg/auth/vault.go:193.2,194.56 2 0
QMLauncher/pkg/auth/vault.go:194.56,196.3 1 0
QMLauncher/pkg/auth/vault.go:197.2,199.32 3 0
QMLauncher/pkg/auth/vault.go:199.32,201.3 1 0
QMLauncher/pkg/auth/vault.go:202.2,203.36 2 0
QMLauncher/pkg/auth/vault.go:203.36,205.3 1 0
QMLauncher/pkg/auth/vault.go:206.2,206.12 1 0
QMLauncher/pkg/auth/vault.go:209.31,210.55 1 0
QMLauncher/pkg/auth/vault.go:210.55,212.3 1 0
QMLauncher/pkg/auth/vault.go:214.2,221.16 3 0
QMLauncher/pkg/auth/vault.go:221.16,223.3 1 0
QMLauncher/pkg/auth/vault.go:225.2,226.58 2 0
QMLauncher/pkg/auth/vault.go:226.58,228.3 1 0
QMLauncher/pkg/auth/vault.go:229.2,230.16 2 0
QMLauncher/pkg/auth/vault.go:230.16,232.3 1 0
QMLauncher/pkg/auth/vault.go:233.2,234.16 2 0
QMLauncher/pkg/auth/vault.go:234.16,236.3 1 0
QMLauncher/pkg/auth/vault.go:237.2,238.16 2 0
QMLauncher/pkg/auth/vault.go:238.16,240.3 1 0
QMLauncher/pkg/auth/vault.go:241.2,242.59 2 0
QMLauncher/pkg/auth/vault.go:242.59,244.3 1 0
QMLauncher/pkg/auth/vault.go:245.2,255.53 9 0
QMLauncher/pkg/auth/vault.go:255.53,257.3 1 0
QMLauncher/pkg/auth/vault.go:258.2,258.49 1 0
QMLauncher/pkg/auth/vault.go:261.27,265.2 3 0
QMLauncher/pkg/launcher/instance.go:35.42,38.2 2 0
QMLauncher/pkg/launcher/instance.go:41.35,42.21 1 0
QMLauncher/pkg/launcher/instance.go:42.21,45.3 1 0
QMLauncher/pkg/launcher/instance.go:46.2,46.62 1 0
QMLauncher/pkg/launcher/instance.go:50.44,52.2 1 0
QMLauncher/pkg/launcher/instance.go:55.41,57.2 1 0
QMLauncher/pkg/launcher/instance.go:60.41,62.2 1 0
QMLauncher/pkg/launcher/instance.go:65.38,67.2 1 0
QMLauncher/pkg/launcher/instance.go:70.48,79.64 5 0
QMLauncher/pkg/launcher/instance.go:79.64,81.3 1 0
QMLauncher/pkg/launcher/instance.go:83.2,83.50 1 0
QMLauncher/pkg/launcher/instance.go:83.50,85.3 1 0
QMLauncher/pkg/launcher/instance.go:86.2,86.12 1 0
QMLauncher/pkg/launcher/instance.go:123.64,127.24 2 0
QMLauncher/pkg/launcher/instance.go:127.24,129.3 1 0
QMLauncher/pkg/launcher/instance.go:131.2,131.37 1 0
QMLauncher/pkg/launcher/instance.go:131.37,133.3 1 0
QMLauncher/pkg/launcher/instance.go:136.2,138.16 3 0
QMLauncher/pkg/launcher/instance.go:138.16,140.3 1 0
QMLauncher/pkg/launcher/instance.go:143.2,155.54 3 0
QMLauncher/pkg/launcher/instance.go:155.54,157.3 1 0
QMLauncher/pkg/launcher/instance.go:159.2,159.43 1 0
QMLauncher/pkg/launcher/instance.go:159.43,161.3 1 0
QMLauncher/pkg/launcher/instance.go:163.2,163.33 1 0
QMLauncher/pkg/launcher/instance.go:163.33,166.17 3 0
QMLauncher/pkg/launcher/instance.go:166.17,169.4 2 0
QMLauncher/pkg/launcher/instance.go:170.3,170.21 1 0
QMLauncher/pkg/launcher/instance.go:170.21,178.4 1 0
QMLauncher/pkg/launcher/instance.go:181.2,181.18 1 0
QMLauncher/pkg/launcher/instance.go:188.74,191.78 3 0
QMLauncher/pkg/launcher/instance.go:191.78,193.3 1 0
QMLauncher/pkg/launcher/instance.go:194.2,196.16 3 0
QMLauncher/pkg/launcher/instance.go:196.16,198.3 1 0
QMLauncher/pkg/launcher/instance.go:199.2,199.28 1 0
QMLauncher/pkg/launcher/instance.go:203.46,204.24 1 0
QMLauncher/pkg/launcher/instance.go:204.24,206.3 1 0
QMLauncher/pkg/launcher/instance.go:207.2,209.16 3 0
QMLauncher/pkg/launcher/instance.go:209.16,211.3 1 0
QMLauncher/pkg/launcher/instance.go:212.2,212.28 1 0
QMLauncher/pkg/launcher/instance.go:212.28,213.16 1 0
QMLauncher/pkg/launcher/instance.go:213.16,214.12 1 0
QMLauncher/pkg/launcher/instance.go:216.3,218.37 3 0
QMLauncher/pkg/launcher/instance.go:218.37,219.12 1 0
QMLauncher/pkg/launcher/instance.go:221.3,221.43 1 0
QMLauncher/pkg/launcher/instance.go:228.40,230.16 2 0
QMLauncher/pkg/launcher/instance.go:230.16,232.3 1 0
QMLauncher/pkg/launcher/instance.go:233.2,234.51 2 0
QMLauncher/pkg/launcher/instance.go:234.51,236.3 1 0
QMLauncher/pkg/launcher/instance.go:237.2,238.12 2 0
QMLauncher/pkg/launcher/instance.go:242.51,243.16 1 0
QMLauncher/pkg/launcher/instance.go:243.16,245.3 1 0
QMLauncher/pkg/launcher/instance.go:247.2,247.30 1 0
QMLauncher/pkg/launcher/instance.go:247.30,249.3 1 0
QMLauncher/pkg/launcher/instance.go:252.2,254.16 3 0
QMLauncher/pkg/launcher/instance.go:254.16,256.3 1 0
QMLauncher/pkg/launcher/instance.go:258.2,259.32 2 0
QMLauncher/pkg/launcher/instance.go:259.32,260.20 1 0
QMLauncher/pkg/launcher/instance.go:260.20,262.9 2 0
QMLauncher/pkg/launcher/instance.go:266.2,266.19 1 0
QMLauncher/pkg/launcher/instance.go:266.19,268.3 1 0
QMLauncher/pkg/launcher/instance.go:270.2,276.36 5 0
QMLauncher/pkg/launcher/instance.go:276.36,278.37 2 0
QMLauncher/pkg/launcher/instance.go:278.37,280.4 1 0
QMLauncher/pkg/launcher/instance.go:280.9,280.24 1 0
QMLauncher/pkg/launcher/instance.go:280.24,282.4 1 0
QMLauncher/pkg/launcher/instance.go:283.3,283.31 1 0
QMLauncher/pkg/launcher/instance.go:284.8,284.23 1 0
QMLauncher/pkg/launcher/instance.go:284.23,286.3 1 0
QMLauncher/pkg/launcher/instance.go:288.2,289.49 2 0
QMLauncher/pkg/launcher/instance.go:289.49,291.3 1 0
QMLauncher/pkg/launcher/instance.go:293.2,298.18 4 0
QMLauncher/pkg/launcher/instance.go:303.53,304.23 1 0
QMLauncher/pkg/launcher/instance.go:304.23,306.3 1 0
QMLauncher/pkg/launcher/instance.go:307.2,308.16 2 0
QMLauncher/pkg/launcher/instance.go:308.16,310.3 1 0
QMLauncher/pkg/launcher/instance.go:311.2,311.29 1 0
QMLauncher/pkg/launcher/instance.go:311.29,313.49 2 0
QMLauncher/pkg/launcher/instance.go:313.49,314.12 1 0
QMLauncher/pkg/launcher/instance.go:320.46,322.36 2 0
QMLauncher/pkg/launcher/instance.go:322.36,324.3 1 0
QMLauncher/pkg/launcher/instance.go:325.2,325.16 1 0
QMLauncher/pkg/launcher/instance.go:325.16,327.3 1 0
QMLauncher/pkg/launcher/instance.go:328.2,329.32 2 0
QMLauncher/pkg/launcher/instance.go:329.32,330.20 1 0
QMLauncher/pkg/launcher/instance.go:330.20,332.18 2 0
QMLauncher/pkg/launcher/instance.go:332.18,333.13 1 0
QMLauncher/pkg/launcher/instance.go:335.4,335.31 1 0
QMLauncher/pkg/launcher/instance.go:338.2,338.19 1 0
QMLauncher/pkg/launcher/instance.go:342.42,343.16 1 0
QMLauncher/pkg/launcher/instance.go:343.16,345.3 1 0
QMLauncher/pkg/launcher/instance.go:347.2,349.33 3 0
QMLauncher/pkg/launcher/instance.go:349.33,351.3 1 0
QMLauncher/pkg/launcher/instance.go:354.2,355.16 2 0
QMLauncher/pkg/launcher/instance.go:355.16,357.3 1 0
QMLauncher/pkg/launcher/instance.go:359.2,359.32 1 0
QMLauncher/pkg/launcher/instance.go:359.32,360.20 1 0
QMLauncher/pkg/launcher/instance.go:360.20,362.47 2 0
QMLauncher/pkg/launcher/instance.go:362.47,364.5 1 0
QMLauncher/pkg/launcher/instance.go:367.2,367.14 1 0
QMLauncher/pkg/launcher/instance.go:371.30,373.56 1 0
QMLauncher/pkg/launcher/instance.go:373.56,375.32 2 0
QMLauncher/pkg/launcher/instance.go:375.32,377.4 1 0
QMLauncher/pkg/launcher/instance.go:378.3,378.27 1 0
QMLauncher/pkg/launcher/instance.go:378.27,380.4 1 0
QMLauncher/pkg/launcher/instance.go:384.2,384.56 1 0
QMLauncher/pkg/launcher/instance.go:384.56,386.66 1 0
QMLauncher/pkg/launcher/instance.go:386.66,387.60 1 0
QMLauncher/pkg/launcher/instance.go:387.60,389.5 1 0
QMLauncher/pkg/launcher/instance.go:394.2,394.31 1 0
QMLauncher/pkg/launcher/instance.go:394.31,400.40 2 0
QMLauncher/pkg/launcher/instance.go:400.40,401.56 1 0
QMLauncher/pkg/launcher/instance.go:401.56,406.35 3 0
QMLauncher/pkg/launcher/instance.go:406.35,407.65 1 0
QMLauncher/pkg/launcher/instance.go:407.65,409.63 2 0
QMLauncher/pkg/launcher/instance.go:409.63,410.35 1 0
QMLauncher/pkg/launcher/instance.go:410.35,413.9 2 0
QMLauncher/pkg/launcher/instance.go:418.5,418.51 1 0
QMLauncher/pkg/launcher/instance.go:418.51,420.6 1 0
QMLauncher/pkg/launcher/instance.go:426.2,426.57 1 0
QMLauncher/pkg/launcher/instance.go:426.57,434.40 2 0
QMLauncher/pkg/launcher/instance.go:434.40,435.56 1 0
QMLauncher/pkg/launcher/instance.go:435.56,436.35 1 0
QMLauncher/pkg/launcher/instance.go:436.35,437.23 1 0
QMLauncher/pkg/launcher/instance.go:437.23,439.31 2 0
QMLauncher/pkg/launcher/instance.go:439.31,441.8 1 0
QMLauncher/pkg/launcher/instance.go:448.2,448.11 1 0
QMLauncher/pkg/launcher/instance.go:452.35,455.2 2 0
QMLauncher/pkg/launcher/launcher.go:85.41,90.2 4 0
QMLauncher/pkg/launcher/launcher.go:99.57,101.24 2 0
QMLauncher/pkg/launcher/launcher.go:101.24,103.3 1 0
QMLauncher/pkg/launcher/launcher.go:104.2,104.16 1 0
QMLauncher/pkg/launcher/launcher.go:104.16,106.3 1 0
QMLauncher/pkg/launcher/launcher.go:108.2,109.32 2 0
QMLauncher/pkg/launcher/launcher.go:109.32,110.20 1 0
QMLauncher/pkg/launcher/launcher.go:110.20,116.45 4 0
QMLauncher/pkg/launcher/launcher.go:116.45,121.5 1 0
QMLauncher/pkg/launcher/launcher.go:126.2,126.40 1 0
QMLauncher/pkg/launcher/launcher.go:126.40,128.3 1 0
QMLauncher/pkg/launcher/launcher.go:130.2,130.19 1 0
QMLauncher/pkg/launcher/launcher.go:148.79,151.16 3 0
QMLauncher/pkg/launcher/launcher.go:151.16,152.25 1 0
QMLauncher/pkg/launcher/launcher.go:152.25,154.4 1 0
QMLauncher/pkg/launcher/launcher.go:155.3,155.13 1 0
QMLauncher/pkg/launcher/launcher.go:157.2,158.28 2 0
QMLauncher/pkg/launcher/launcher.go:158.28,159.16 1 0
QMLauncher/pkg/launcher/launcher.go:159.16,160.12 1 0
QMLauncher/pkg/launcher/launcher.go:162.3,163.55 2 0
QMLauncher/pkg/launcher/launcher.go:163.55,165.4 1 0
QMLauncher/pkg/launcher/launcher.go:167.2,168.27 2 0
QMLauncher/pkg/launcher/launcher.go:168.27,170.34 2 0
QMLauncher/pkg/launcher/launcher.go:170.34,172.37 2 0
QMLauncher/pkg/launcher/launcher.go:172.37,175.5 2 0
QMLauncher/pkg/launcher/launcher.go:177.3,177.30 1 0
QMLauncher/pkg/launcher/launcher.go:177.30,178.19 1 0
QMLauncher/pkg/launcher/launcher.go:178.19,180.5 1 0
QMLauncher/pkg/launcher/launcher.go:182.8,183.30 1 0
QMLauncher/pkg/launcher/launcher.go:183.30,185.4 1 0
QMLauncher/pkg/launcher/launcher.go:186.3,186.26 1 0
QMLauncher/pkg/launcher/launcher.go:188.2,188.25 1 0
QMLauncher/pkg/launcher/launcher.go:188.25,190.3 1 0
QMLauncher/pkg/launcher/launcher.go:191.2,193.16 3 0
QMLauncher/pkg/launcher/launcher.go:193.16,194.25 1 0
QMLauncher/pkg/launcher/launcher.go:194.25,196.4 1 0
QMLauncher/pkg/launcher/launcher.go:197.3,197.13 1 0
QMLauncher/pkg/launcher/launcher.go:199.2,202.29 4 0
QMLauncher/pkg/launcher/launcher.go:202.29,203.49 1 0
QMLauncher/pkg/launcher/launcher.go:203.49,205.12 2 0
QMLauncher/pkg/launcher/launcher.go:207.3,210.59 4 0
QMLauncher/pkg/launcher/launcher.go:210.59,212.12 2 0
QMLauncher/pkg/launcher/launcher.go:214.3,215.25 2 0
QMLauncher/pkg/launcher/launcher.go:215.25,216.38 1 0
QMLauncher/pkg/launcher/launcher.go:216.38,218.5 1 0
QMLauncher/pkg/launcher/launcher.go:220.3,223.18 4 0
QMLauncher/pkg/launcher/launcher.go:225.2,225.15 1 0
QMLauncher/pkg/launcher/launcher.go:225.15,226.56 1 0
QMLauncher/pkg/launcher/launcher.go:226.56,230.4 3 0
QMLauncher/pkg/launcher/launcher.go:232.2,232.15 1 0
QMLauncher/pkg/launcher/launcher.go:232.15,234.3 1 0
QMLauncher/pkg/launcher/launcher.go:235.2,235.75 1 0
QMLauncher/pkg/launcher/launcher.go:241.63,243.16 2 0
QMLauncher/pkg/launcher/launcher.go:243.16,245.3 1 0
QMLauncher/pkg/launcher/launcher.go:246.2,246.18 1 0
QMLauncher/pkg/launcher/launcher.go:246.18,248.3 1 0
QMLauncher/pkg/launcher/launcher.go:251.2,251.94 1 0
QMLauncher/pkg/launcher/launcher.go:251.94,253.3 1 0
QMLauncher/pkg/launcher/launcher.go:256.2,256.56 1 0
QMLauncher/pkg/launcher/launcher.go:256.56,258.3 1 0
QMLauncher/pkg/launcher/launcher.go:260.2,263.20 4 0
QMLauncher/pkg/launcher/launcher.go:268.59,271.47 3 0
QMLauncher/pkg/launcher/launcher.go:271.47,273.3 1 0
QMLauncher/pkg/launcher/launcher.go:274.2,274.57 1 0
QMLauncher/pkg/launcher/launcher.go:274.57,276.3 1 0
QMLauncher/pkg/launcher/launcher.go:277.2,277.31 1 0
QMLauncher/pkg/launcher/launcher.go:277.31,280.35 3 0
QMLauncher/pkg/launcher/launcher.go:280.35,282.4 1 0
QMLauncher/pkg/launcher/launcher.go:284.2,284.56 1 0
QMLauncher/pkg/launcher/launcher.go:289.77,293.53 3 0
QMLauncher/pkg/launcher/launcher.go:293.53,295.3 1 0
QMLauncher/pkg/launcher/launcher.go:298.2,299.53 2 0
QMLauncher/pkg/launcher/launcher.go:299.53,300.67 1 0
QMLauncher/pkg/launcher/launcher.go:300.67,302.4 1 0
QMLauncher/pkg/launcher/launcher.go:306.2,306.122 1 0
QMLauncher/pkg/launcher/launcher.go:306.122,308.54 2 0
QMLauncher/pkg/launcher/launcher.go:308.54,310.4 1 0
QMLauncher/pkg/launcher/launcher.go:313.2,313.50 1 0
QMLauncher/pkg/launcher/launcher.go:313.50,315.48 2 0
QMLauncher/pkg/launcher/launcher.go:315.48,317.4 1 0
QMLauncher/pkg/launcher/launcher.go:320.2,321.53 2 0
QMLauncher/pkg/launcher/launcher.go:321.53,323.52 2 0
QMLauncher/pkg/launcher/launcher.go:323.52,325.4 1 0
QMLauncher/pkg/launcher/launcher.go:328.2,328.23 1 0
QMLauncher/pkg/launcher/launcher.go:345.83,349.2 3 0
QMLauncher/pkg/launcher/launcher.go:353.70,355.36 2 0
QMLauncher/pkg/launcher/launcher.go:355.36,357.3 1 0
QMLauncher/pkg/launcher/launcher.go:358.2,358.43 1 0
QMLauncher/pkg/launcher/launcher.go:358.43,360.17 2 0
QMLauncher/pkg/launcher/launcher.go:360.17,362.4 1 0
QMLauncher/pkg/launcher/launcher.go:363.3,364.39 2 0
QMLauncher/pkg/launcher/launcher.go:364.39,366.4 1 0
QMLauncher/pkg/launcher/launcher.go:367.3,367.63 1 0
QMLauncher/pkg/launcher/launcher.go:367.63,369.4 1 0
QMLauncher/pkg/launcher/launcher.go:370.3,371.17 2 0
QMLauncher/pkg/launcher/launcher.go:371.17,373.4 1 0
QMLauncher/pkg/launcher/launcher.go:374.3,376.13 3 0
QMLauncher/pkg/launcher/launcher.go:378.2,378.19 1 0
QMLauncher/pkg/launcher/launcher.go:378.19,380.53 2 0
QMLauncher/pkg/launcher/launcher.go:380.53,382.4 1 0
QMLauncher/pkg/launcher/launcher.go:384.2,384.19 1 0
QMLauncher/pkg/launcher/launcher.go:384.19,386.53 2 0
QMLauncher/pkg/launcher/launcher.go:386.53,388.4 1 0
QMLauncher/pkg/launcher/launcher.go:390.2,390.12 1 0
QMLauncher/pkg/launcher/launcher.go:395.75,396.23 1 0
QMLauncher/pkg/launcher/launcher.go:396.23,398.3 1 0
QMLauncher/pkg/launcher/launcher.go:399.2,399.47 1 0
QMLauncher/pkg/launcher/launcher.go:402.101,406.16 3 0
QMLauncher/pkg/launcher/launcher.go:406.16,408.3 1 0
QMLauncher/pkg/launcher/launcher.go:410.2,411.32 2 0
QMLauncher/pkg/launcher/launcher.go:411.32,412.111 1 0
QMLauncher/pkg/launcher/launcher.go:412.111,414.4 1 0
QMLauncher/pkg/launcher/launcher.go:418.2,418.36 1 0
QMLauncher/pkg/launcher/launcher.go:418.36,419.108 1 0
QMLauncher/pkg/launcher/launcher.go:419.108,422.4 1 0
QMLauncher/pkg/launcher/launcher.go:425.2,432.121 2 0
QMLauncher/pkg/launcher/launcher.go:432.121,434.3 1 0
QMLauncher/pkg/launcher/launcher.go:435.2,435.20 1 0
QMLauncher/pkg/launcher/launcher.go:435.20,437.3 1 0
QMLauncher/pkg/launcher/launcher.go:440.2,440.29 1 0
QMLauncher/pkg/launcher/launcher.go:440.29,442.3 1 0
QMLauncher/pkg/launcher/launcher.go:444.2,445.28 2 0
QMLauncher/pkg/launcher/launcher.go:445.28,446.40 1 0
QMLauncher/pkg/launcher/launcher.go:446.40,448.4 1 0
QMLauncher/pkg/launcher/launcher.go:450.2,450.20 1 0
QMLauncher/pkg/launcher/launcher.go:450.20,454.3 1 0
QMLauncher/pkg/launcher/launcher.go:457.2,458.16 2 0
QMLauncher/pkg/launcher/launcher.go:458.16,460.3 1 0
QMLauncher/pkg/launcher/launcher.go:461.2,461.25 1 0
QMLauncher/pkg/launcher/launcher.go:461.25,463.3 1 0
QMLauncher/pkg/launcher/launcher.go:464.2,464.20 1 0
QMLauncher/pkg/launcher/launcher.go:464.20,466.3 1 0
QMLauncher/pkg/launcher/launcher.go:469.2,470.26 2 0
QMLauncher/pkg/launcher/launcher.go:470.26,472.17 2 0
QMLauncher/pkg/launcher/launcher.go:472.17,474.4 1 0
QMLauncher/pkg/launcher/launcher.go:475.3,480.32 5 0
QMLauncher/pkg/launcher/launcher.go:480.32,481.28 1 0
QMLauncher/pkg/launcher/launcher.go:481.28,483.5 1 0
QMLauncher/pkg/launcher/launcher.go:483.10,485.5 1 0
QMLauncher/pkg/launcher/launcher.go:487.3,487.93 1 0
QMLauncher/pkg/launcher/launcher.go:490.2,490.63 1 0
QMLauncher/pkg/launcher/launcher.go:490.63,492.3 1 0
QMLauncher/pkg/launcher/launcher.go:496.2,497.21 2 0
QMLauncher/pkg/launcher/launcher.go:498.19,500.17 2 0
QMLauncher/pkg/launcher/launcher.go:500.17,502.4 1 0
QMLauncher/pkg/launcher/launcher.go:503.22,505.17 2 0
QMLauncher/pkg/launcher/launcher.go:505.17,507.4 1 0
QMLauncher/pkg/launcher/launcher.go:510.2,510.25 1 0
QMLauncher/pkg/launcher/launcher.go:510.25,511.21 1 0
QMLauncher/pkg/launcher/launcher.go:511.21,513.4 1 0
QMLauncher/pkg/launcher/launcher.go:515.3,515.60 1 0
QMLauncher/pkg/launcher/launcher.go:515.60,517.4 1 0
QMLauncher/pkg/launcher/launcher.go:520.2,523.65 2 0
QMLauncher/pkg/launcher/launcher.go:523.65,524.30 1 0
QMLauncher/pkg/launcher/launcher.go:524.30,525.12 1 0
QMLauncher/pkg/launcher/launcher.go:527.3,527.103 1 0
QMLauncher/pkg/launcher/launcher.go:529.2,529.29 1 0
QMLauncher/pkg/launcher/launcher.go:529.29,531.3 1 0
QMLauncher/pkg/launcher/launcher.go:532.2,532.23 1 0
QMLauncher/pkg/launcher/launcher.go:538.104,539.37 1 0
QMLauncher/pkg/launcher/launcher.go:539.37,540.63 1 0
QMLauncher/pkg/launcher/launcher.go:540.63,542.4 1 0
QMLauncher/pkg/launcher/launcher.go:543.3,543.50 1 0
QMLauncher/pkg/launcher/launcher.go:543.50,545.4 1 0
QMLauncher/pkg/launcher/launcher.go:547.2,547.22 1 0
QMLauncher/pkg/launcher/launcher.go:547.22,550.28 3 0
QMLauncher/pkg/launcher/launcher.go:550.28,551.18 1 0
QMLauncher/pkg/launcher/launcher.go:551.18,553.5 1 0
QMLauncher/pkg/launcher/launcher.go:554.4,554.22 1 0
QMLauncher/pkg/launcher/launcher.go:554.22,559.5 1 0
QMLauncher/pkg/launcher/launcher.go:560.4,560.7 1 0
QMLauncher/pkg/launcher/launcher.go:563.2,563.12 1 0
QMLauncher/pkg/launcher/launcher.go:568.132,571.39 2 0
QMLauncher/pkg/launcher/launcher.go:571.39,573.3 1 0
QMLauncher/pkg/launcher/launcher.go:576.2,588.63 3 0
QMLauncher/pkg/launcher/launcher.go:588.63,591.3 2 0
QMLauncher/pkg/launcher/launcher.go:593.2,593.9 1 0
QMLauncher/pkg/launcher/launcher.go:594.37,595.73 1 0
QMLauncher/pkg/launcher/launcher.go:596.36,597.73 1 0
QMLauncher/pkg/launcher/launcher.go:599.2,599.32 1 0
QMLauncher/pkg/launcher/launcher.go:599.32,601.3 1 0
QMLauncher/pkg/launcher/launcher.go:602.2,602.18 1 0
QMLauncher/pkg/launcher/launcher.go:602.18,604.3 1 0
QMLauncher/pkg/launcher/launcher.go:605.2,605.25 1 0
QMLauncher/pkg/launcher/launcher.go:605.25,607.3 1 0
QMLauncher/pkg/launcher/launcher.go:608.2,608.32 1 0
QMLauncher/pkg/launcher/launcher.go:608.32,610.3 1 0
QMLauncher/pkg/launcher/launcher.go:613.2,613.30 1 0
QMLauncher/pkg/launcher/launcher.go:613.30,615.3 1 0
QMLauncher/pkg/launcher/launcher.go:616.2,616.28 1 0
QMLauncher/pkg/launcher/launcher.go:616.28,618.3 1 0
QMLauncher/pkg/launcher/launcher.go:619.2,619.28 1 0
QMLauncher/pkg/launcher/launcher.go:619.28,621.3 1 0
QMLauncher/pkg/launcher/launcher.go:622.2,622.28 1 0
QMLauncher/pkg/launcher/launcher.go:622.28,624.3 1 0
QMLauncher/pkg/launcher/launcher.go:625.2,625.45 1 0
QMLauncher/pkg/launcher/launcher.go:625.45,626.34 1 0
QMLauncher/pkg/launcher/launcher.go:626.34,628.4 1 0
QMLauncher/pkg/launcher/launcher.go:630.2,630.44 1 0
QMLauncher/pkg/launcher/launcher.go:630.44,632.34 1 0
QMLauncher/pkg/launcher/launcher.go:632.34,637.4 4 0
QMLauncher/pkg/launcher/launcher.go:639.2,639.19 1 0
QMLauncher/pkg/launcher/launcher.go:643.87,644.39 1 0
QMLauncher/pkg/launcher/launcher.go:644.39,648.35 4 0
QMLauncher/pkg/launcher/launcher.go:648.35,650.4 1 0
QMLauncher/pkg/launcher/launcher.go:652.2,652.12 1 0
QMLauncher/pkg/launcher/launcher.go:656.156,661.16 4 0
QMLauncher/pkg/launcher/launcher.go:661.16,663.81 1 0
QMLauncher/pkg/launcher/launcher.go:663.81,664.86 1 0
QMLauncher/pkg/launcher/launcher.go:664.86,665.77 1 0
QMLauncher/pkg/launcher/launcher.go:665.77,668.6 2 0
QMLauncher/pkg/launcher/launcher.go:671.3,671.17 1 0
QMLauncher/pkg/launcher/launcher.go:671.17,673.4 1 0
QMLauncher/pkg/launcher/launcher.go:676.2,676.16 1 0
QMLauncher/pkg/launcher/launcher.go:677.33,679.28 2 0
QMLauncher/pkg/launcher/launcher.go:679.28,681.4 1 0
QMLauncher/pkg/launcher/launcher.go:682.3,683.17 2 0
QMLauncher/pkg/launcher/launcher.go:683.17,685.4 1 0
QMLauncher/pkg/launcher/launcher.go:686.22,687.32 1 0
QMLauncher/pkg/launcher/launcher.go:687.32,689.18 2 0
QMLauncher/pkg/launcher/launcher.go:689.18,691.5 1 0
QMLauncher/pkg/launcher/launcher.go:693.3,694.17 2 0
QMLauncher/pkg/launcher/launcher.go:694.17,696.4 1 0
QMLauncher/pkg/launcher/launcher.go:697.19,698.32 1 0
QMLauncher/pkg/launcher/launcher.go:698.32,700.18 2 0
QMLauncher/pkg/launcher/launcher.go:700.18,702.5 1 0
QMLauncher/pkg/launcher/launcher.go:704.3,705.17 2 0
QMLauncher/pkg/launcher/launcher.go:705.17,707.4 1 0
QMLauncher/pkg/launcher/launcher.go:710.2,710.56 1 0
QMLauncher/pkg/launcher/launcher.go:716.47,717.16 1 0
QMLauncher/pkg/launcher/launcher.go:717.16,719.3 1 0
QMLauncher/pkg/launcher/launcher.go:722.2,744.37 19 0
QMLauncher/pkg/launcher/launcher.go:744.37,746.3 1 0
QMLauncher/pkg/launcher/launcher.go:749.2,752.18 2 0
QMLauncher/pkg/launcher/launcher.go:752.18,754.3 1 0
QMLauncher/pkg/launcher/launcher.go:756.2,756.15 1 0
QMLauncher/pkg/launcher/library.go:15.121,16.36 1 0
QMLauncher/pkg/launcher/library.go:16.36,20.29 3 0
QMLauncher/pkg/launcher/library.go:20.29,21.12 1 0
QMLauncher/pkg/launcher/library.go:24.3,24.31 1 0
QMLauncher/pkg/launcher/library.go:24.31,25.34 1 0
QMLauncher/pkg/launcher/library.go:25.34,27.13 2 0
QMLauncher/pkg/launcher/library.go:29.4,30.51 2 0
QMLauncher/pkg/launcher/library.go:30.51,32.5 1 0
QMLauncher/pkg/launcher/library.go:32.10,34.5 1 0
QMLauncher/pkg/launcher/library.go:37.2,37.28 1 0
QMLauncher/pkg/launcher/library.go:41.75,46.29 2 0
QMLauncher/pkg/launcher/library.go:46.29,48.17 2 0
QMLauncher/pkg/launcher/library.go:48.17,50.4 1 0
QMLauncher/pkg/launcher/library.go:51.3,51.135 1 0
QMLauncher/pkg/launcher/library.go:51.135,59.4 1 0
QMLauncher/pkg/launcher/library.go:60.3,61.17 2 0
QMLauncher/pkg/launcher/library.go:61.17,62.14 1 0
QMLauncher/pkg/launcher/library.go:64.3,64.17 1 0
QMLauncher/pkg/launcher/library.go:64.17,72.4 1 0
QMLauncher/pkg/launcher/library.go:74.3,76.17 3 0
QMLauncher/pkg/launcher/library.go:76.17,78.4 1 0
QMLauncher/pkg/launcher/library.go:81.2,81.16 1 0
QMLauncher/pkg/launcher/nowindow_other.go:7.37,7.38 0 0
QMLauncher/pkg/launcher/remote_installs.go:26.56,28.2 1 0
QMLauncher/pkg/launcher/remote_installs.go:30.62,33.21 3 0
QMLauncher/pkg/launcher/remote_installs.go:33.21,35.3 1 0
QMLauncher/pkg/launcher/remote_installs.go:36.2,37.60 2 0
QMLauncher/pkg/launcher/remote_installs.go:37.60,40.3 2 0
QMLauncher/pkg/launcher/remote_installs.go:41.2,41.33 1 0
QMLauncher/pkg/launcher/remote_installs.go:44.64,48.28 4 0
QMLauncher/pkg/launcher/remote_installs.go:48.28,50.3 1 0
QMLauncher/pkg/launcher/remote_installs.go:51.2,51.24 1 0
QMLauncher/pkg/launcher/remote_installs.go:55.74,57.16 2 0
QMLauncher/pkg/launcher/remote_installs.go:57.16,58.37 1 0
QMLauncher/pkg/launcher/remote_installs.go:58.37,60.4 1 0
QMLauncher/pkg/launcher/remote_installs.go:61.3,61.40 1 0
QMLauncher/pkg/launcher/remote_installs.go:63.2,64.73 2 0
QMLauncher/pkg/launcher/remote_installs.go:64.73,66.3 1 0
QMLauncher/pkg/launcher/remote_installs.go:67.2,67.20 1 0
QMLauncher/pkg/launcher/remote_installs.go:70.89,72.47 2 0
QMLauncher/pkg/launcher/remote_installs.go:72.47,74.3 1 0
QMLauncher/pkg/launcher/remote_installs.go:75.2,77.16 3 0
QMLauncher/pkg/launcher/remote_installs.go:77.16,79.3 1 0
QMLauncher/pkg/launcher/remote_installs.go:80.2,80.70 1 0
QMLauncher/pkg/launcher/remote_installs.go:84.91,87.15 3 0
QMLauncher/pkg/launcher/remote_installs.go:87.15,89.3 1 0
QMLauncher/pkg/launcher/remote_installs.go:90.2,93.46 4 0
QMLauncher/pkg/launcher/remote_installs.go:97.70,100.15 3 0
QMLauncher/pkg/launcher/remote_installs.go:100.15,102.3 1 0
QMLauncher/pkg/launcher/remote_installs.go:103.2,104.46 2 0
QMLauncher/pkg/launcher/remote_installs.go:109.76,110.28 1 0
QMLauncher/pkg/launcher/remote_installs.go:110.28,114.48 4 0
QMLauncher/pkg/launcher/remote_installs.go:114.48,116.4 1 0
QMLauncher/pkg/launcher/remote_installs.go:116.9,116.46 1 0
QMLauncher/pkg/launcher/remote_installs.go:116.46,118.4 1 0
QMLauncher/pkg/launcher/remote_installs.go:118.9,119.12 1 0
QMLauncher/pkg/launcher/remote_installs.go:121.3,121.61 1 0
QMLauncher/pkg/launcher/remote_installs.go:121.61,122.12 1 0
QMLauncher/pkg/launcher/remote_installs.go:124.3,125.16 2 0
QMLauncher/pkg/launcher/remote_installs.go:125.16,126.12 1 0
QMLauncher/pkg/launcher/remote_installs.go:128.3,129.112 2 0
QMLauncher/pkg/launcher/remote_installs.go:129.112,131.4 1 0
QMLauncher/pkg/launcher/remote_installs.go:132.3,139.9 2 0
QMLauncher/app.go:52.53,54.35 2 0
QMLauncher/app.go:54.35,59.3 4 0
QMLauncher/app.go:60.2,61.90 2 0
QMLauncher/app.go:61.90,65.3 3 0
QMLauncher/app.go:66.2,71.16 5 0
QMLauncher/app.go:71.16,73.3 1 0
QMLauncher/app.go:74.2,75.16 2 0
QMLauncher/app.go:75.16,77.3 1 0
QMLauncher/app.go:78.2,80.38 3 0
QMLauncher/app.go:80.38,81.88 1 0
QMLauncher/app.go:81.88,83.4 1 0
QMLauncher/app.go:84.3,85.49 2 0
QMLauncher/app.go:85.49,87.4 1 0
QMLauncher/app.go:88.3,89.12 2 0
QMLauncher/app.go:91.2,94.80 2 0
QMLauncher/app.go:94.80,97.3 2 0
QMLauncher/app.go:98.2,103.12 6 0
QMLauncher/app.go:106.37,111.2 4 0
QMLauncher/app.go:114.29,117.43 2 0
QMLauncher/app.go:117.43,119.3 1 0
QMLauncher/app.go:119.8,119.57 1 0
QMLauncher/app.go:119.57,121.3 1 0
QMLauncher/app.go:121.8,123.45 1 0
QMLauncher/app.go:123.45,125.4 1 0
QMLauncher/app.go:125.9,127.4 1 0
QMLauncher/app.go:130.2,133.51 2 0
QMLauncher/app.go:133.51,135.3 1 0
QMLauncher/app.go:138.2,144.16 6 0
QMLauncher/app.go:144.16,146.3 1 0
QMLauncher/app.go:149.2,152.12 3 0
QMLauncher/app.go:156.33,157.20 1 0
QMLauncher/app.go:157.20,159.3 1 0
QMLauncher/app.go:163.20,165.2 1 0
QMLauncher/app.go:169.44,175.41 3 0
QMLauncher/app.go:175.41,177.3 1 0
QMLauncher/app.go:180.2,180.47 1 0
QMLauncher/app.go:180.47,182.3 1 0
QMLauncher/app.go:185.2,185.50 1 0
QMLauncher/app.go:185.50,187.57 2 0
QMLauncher/app.go:187.57,189.41 2 0
QMLauncher/app.go:189.41,190.74 1 0
QMLauncher/app.go:190.74,191.19 1 0
QMLauncher/app.go:191.19,193.7 1 0
QMLauncher/app.go:193.12,195.7 1 0
QMLauncher/app.go:202.2,205.46 2 0
QMLauncher/app.go:210.72,214.6 4 0
QMLauncher/app.go:214.6,215.10 1 0
QMLauncher/app.go:216.21,217.10 1 0
QMLauncher/app.go:218.19,220.41 1 0
QMLauncher/app.go:220.41,221.13 1 0
QMLauncher/app.go:223.4,224.61 2 0
QMLauncher/app.go:231.44,233.16 2 0
QMLauncher/app.go:233.16,235.3 1 0
QMLauncher/app.go:236.2,236.11 1 0
QMLauncher/app.go:240.50,242.16 2 0
QMLauncher/app.go:242.16,244.3 1 0
QMLauncher/app.go:245.2,245.18 1 0
QMLauncher/app.go:289.71,291.16 2 0
QMLauncher/app.go:291.16,294.3 1 0
QMLauncher/app.go:296.2,299.44 2 0
QMLauncher/app.go:299.44,302.17 3 0
QMLauncher/app.go:302.17,304.4 1 0
QMLauncher/app.go:305.3,306.29 2 0
QMLauncher/app.go:306.29,307.17 1 0
QMLauncher/app.go:307.17,308.13 1 0
QMLauncher/app.go:310.4,310.35 1 0
QMLauncher/app.go:312.3,312.15 1 0
QMLauncher/app.go:315.2,315.35 1 0
QMLauncher/app.go:315.35,318.53 3 0
QMLauncher/app.go:318.53,319.30 1 0
QMLauncher/app.go:319.30,320.18 1 0
QMLauncher/app.go:320.18,321.14 1 0
QMLauncher/app.go:323.5,323.78 1 0
QMLauncher/app.go:326.3,328.17 3 0
QMLauncher/app.go:328.17,330.4 1 0
QMLauncher/app.go:331.3,331.28 1 0
QMLauncher/app.go:331.28,332.18 1 0
QMLauncher/app.go:332.18,333.13 1 0
QMLauncher/app.go:335.4,338.18 4 0
QMLauncher/app.go:338.18,339.13 1 0
QMLauncher/app.go:341.4,341.30 1 0
QMLauncher/app.go:341.30,342.18 1 0
QMLauncher/app.go:342.18,343.14 1 0
QMLauncher/app.go:345.5,345.94 1 0
QMLauncher/app.go:348.3,348.13 1 0
QMLauncher/app.go:351.2,351.48 1 0
QMLauncher/app.go:351.48,359.32 3 0
QMLauncher/app.go:359.32,360.68 1 0
QMLauncher/app.go:360.68,362.5 1 0
QMLauncher/app.go:363.4,364.70 2 0
QMLauncher/app.go:364.70,366.5 1 0
QMLauncher/app.go:368.3,368.13 1 0
QMLauncher/app.go:371.2,396.42 3 0
QMLauncher/app.go:396.42,398.3 1 0
QMLauncher/app.go:400.2,401.27 2 0
QMLauncher/app.go:401.27,403.3 1 0
QMLauncher/app.go:404.2,406.16 2 0
QMLauncher/app.go:409.50,411.2 1 0
QMLauncher/app.go:413.54,414.37 1 0
QMLauncher/app.go:414.37,416.3 1 0
QMLauncher/app.go:417.2,417.13 1 0
QMLauncher/app.go:420.46,422.79 2 0
QMLauncher/app.go:422.79,424.3 1 0
QMLauncher/app.go:425.2,426.47 2 0
QMLauncher/app.go:426.47,428.3 1 0
QMLauncher/app.go:429.2,429.38 1 0
QMLauncher/app.go:429.38,431.3 1 0
QMLauncher/app.go:432.2,432.56 1 0
QMLauncher/app.go:435.46,437.79 2 0
QMLauncher/app.go:437.79,439.3 1 0
QMLauncher/app.go:440.2,440.12 1 0
QMLauncher/app.go:443.45,445.31 2 0
QMLauncher/app.go:446.85,447.14 1 0
QMLauncher/app.go:448.10,449.15 1 0
QMLauncher/app.go:453.44,455.46 2 0
QMLauncher/app.go:455.46,457.3 1 0
QMLauncher/app.go:458.2,459.20 2 0
QMLauncher/app.go:460.9,461.48 1 0
QMLauncher/app.go:461.48,463.4 1 0
QMLauncher/app.go:464.9,465.89 1 0
QMLauncher/app.go:465.89,467.4 1 0
QMLauncher/app.go:469.2,469.44 1 0
QMLauncher/app.go:472.96,475.18 3 0
QMLauncher/app.go:476.14,477.54 1 0
QMLauncher/app.go:477.54,479.4 1 0
QMLauncher/app.go:480.3,480.72 1 0
QMLauncher/app.go:481.38,482.54 1 0
QMLauncher/app.go:482.54,484.4 1 0
QMLauncher/app.go:485.3,485.74 1 0
QMLauncher/app.go:486.18,487.54 1 0
QMLauncher/app.go:487.54,489.4 1 0
QMLauncher/app.go:490.3,491.34 2 0
QMLauncher/app.go:491.34,493.4 1 0
QMLauncher/app.go:494.3,494.47 1 0
QMLauncher/app.go:495.19,496.53 1 0
QMLauncher/app.go:496.53,498.4 1 0
QMLauncher/app.go:499.3,499.69 1 0
QMLauncher/app.go:500.10,501.44 1 0
QMLauncher/app.go:505.70,508.13 3 0
QMLauncher/app.go:508.13,509.39 1 0
QMLauncher/app.go:509.39,511.4 1 0
QMLauncher/app.go:512.3,514.45 3 0
QMLauncher/app.go:514.45,516.4 1 0
QMLauncher/app.go:517.3,517.37 1 0
QMLauncher/app.go:519.2,519.37 1 0
QMLauncher/app.go:519.37,521.3 1 0
QMLauncher/app.go:522.2,523.40 2 0
QMLauncher/app.go:523.40,525.3 1 0
QMLauncher/app.go:526.2,526.32 1 0
QMLauncher/app.go:532.108,536.16 4 0
QMLauncher/app.go:536.16,538.3 1 0
QMLauncher/app.go:539.2,540.16 2 0
QMLauncher/app.go:540.16,542.3 1 0
QMLauncher/app.go:543.2,543.44 1 0
QMLauncher/app.go:543.44,545.3 1 0
QMLauncher/app.go:546.2,546.70 1 0
QMLauncher/app.go:546.70,548.3 1 0
QMLauncher/app.go:549.2,549.11 1 0
QMLauncher/app.go:553.90,557.16 4 0
QMLauncher/app.go:557.16,559.3 1 0
QMLauncher/app.go:560.2,561.16 2 0
QMLauncher/app.go:561.16,563.3 1 0
QMLauncher/app.go:564.2,564.43 1 0
QMLauncher/app.go:564.43,566.3 1 0
QMLauncher/app.go:567.2,568.11 2 0
QMLauncher/app.go:572.92,574.2 1 0
QMLauncher/app.go:577.74,579.2 1 0
QMLauncher/app.go:581.47,583.24 2 0
QMLauncher/app.go:584.17,585.72 1 0
QMLauncher/app.go:586.16,587.37 1 0
QMLauncher/app.go:588.10,589.41 1 0
QMLauncher/app.go:591.2,591.20 1 0
QMLauncher/app.go:595.52,597.18 2 0
QMLauncher/app.go:597.18,599.3 1 0
QMLauncher/app.go:600.2,601.79 2 0
QMLauncher/app.go:601.79,603.3 1 0
QMLauncher/app.go:604.2,604.52 1 0
QMLauncher/app.go:604.52,606.3 1 0
QMLauncher/app.go:607.2,607.11 1 0
QMLauncher/app.go:612.112,617.16 5 0
QMLauncher/app.go:617.16,619.3 1 0
QMLauncher/app.go:620.2,621.16 2 0
QMLauncher/app.go:621.16,623.3 1 0
QMLauncher/app.go:624.2,624.44 1 0
QMLauncher/app.go:624.44,626.3 1 0
QMLauncher/app.go:628.2,635.18 6 0
QMLauncher/app.go:636.18,637.13 1 0
QMLauncher/app.go:638.14,639.56 1 0
QMLauncher/app.go:639.56,641.4 1 0
QMLauncher/app.go:642.3,646.28 5 0
QMLauncher/app.go:646.28,648.4 1 0
QMLauncher/app.go:649.23,654.28 5 0
QMLauncher/app.go:654.28,655.98 1 0
QMLauncher/app.go:655.98,657.5 1 0
QMLauncher/app.go:657.10,659.5 1 0
QMLauncher/app.go:661.21,664.91 3 0
QMLauncher/app.go:664.91,666.4 1 0
QMLauncher/app.go:666.9,668.4 1 0
QMLauncher/app.go:669.19,672.93 3 0
QMLauncher/app.go:672.93,674.4 1 0
QMLauncher/app.go:674.9,676.4 1 0
QMLauncher/app.go:678.2,678.12 1 0
QMLauncher/app.go:684.140,687.16 3 0
QMLauncher/app.go:687.16,689.3 1 0
QMLauncher/app.go:690.2,692.17 3 0
QMLauncher/app.go:692.17,694.3 1 0
QMLauncher/app.go:695.2,696.14 2 0
QMLauncher/app.go:696.14,698.3 1 0
QMLauncher/app.go:699.2,700.16 2 0
QMLauncher/app.go:701.20,703.17 2 0
QMLauncher/app.go:703.17,705.4 1 0
QMLauncher/app.go:706.3,706.47 1 0
QMLauncher/app.go:707.18,709.17 2 0
QMLauncher/app.go:709.17,711.4 1 0
QMLauncher/app.go:712.3,712.47 1 0
QMLauncher/app.go:713.14,716.19 3 0
QMLauncher/app.go:716.19,718.4 1 0
QMLauncher/app.go:719.3,720.19 2 0
QMLauncher/app.go:720.19,722.4 1 0
QMLauncher/app.go:723.3,723.80 1 0
QMLauncher/app.go:724.10,725.102 1 0
QMLauncher/app.go:729.83,731.54 2 0
QMLauncher/app.go:732.14,733.49 1 0
QMLauncher/app.go:734.23,735.58 1 0
QMLauncher/app.go:736.21,737.56 1 0
QMLauncher/app.go:738.19,739.54 1 0
QMLauncher/app.go:740.18,741.26 1 0
QMLauncher/app.go:742.10,743.44 1 0
QMLauncher/app.go:749.117,752.16 3 0
QMLauncher/app.go:752.16,754.3 1 0
QMLauncher/app.go:755.2,756.16 2 0
QMLauncher/app.go:756.16,758.3 1 0
QMLauncher/app.go:759.2,762.21 4 0
QMLauncher/app.go:763.18,765.14 2 0
QMLauncher/app.go:765.14,767.4 1 0
QMLauncher/app.go:768.3,769.17 2 0
QMLauncher/app.go:769.17,771.4 1 0
QMLauncher/app.go:772.20,774.17 2 0
QMLauncher/app.go:774.17,776.4 1 0
QMLauncher/app.go:777.10,778.32 1 0
QMLauncher/app.go:780.2,788.11 3 0
QMLauncher/app.go:793.95,794.24 1 0
QMLauncher/app.go:794.24,796.3 1 0
QMLauncher/app.go:797.2,797.46 1 0
QMLauncher/app.go:797.46,799.3 1 0
QMLauncher/app.go:800.2,800.46 1 0
QMLauncher/app.go:800.46,802.3 1 0
QMLauncher/app.go:803.2,803.31 1 0
QMLauncher/app.go:803.31,805.3 1 0
QMLauncher/app.go:806.2,807.16 2 0
QMLauncher/app.go:807.16,809.3 1 0
QMLauncher/app.go:810.2,812.43 3 0
QMLauncher/app.go:812.43,814.3 1 0
QMLauncher/app.go:815.2,815.11 1 0
QMLauncher/app.go:823.107,825.16 2 0
QMLauncher/app.go:825.16,827.3 1 0
QMLauncher/app.go:828.2,829.52 2 0
QMLauncher/app.go:830.16,831.30 1 0
QMLauncher/app.go:832.15,833.29 1 0
QMLauncher/app.go:834.18,835.32 1 0
QMLauncher/app.go:836.15,837.29 1 0
QMLauncher/app.go:838.10,839.31 1 0
QMLauncher/app.go:841.2,841.23 1 0
QMLauncher/app.go:841.23,843.3 1 0
QMLauncher/app.go:844.2,844.58 1 0
QMLauncher/app.go:844.58,846.3 1 0
QMLauncher/app.go:847.2,863.16 4 0
QMLauncher/app.go:863.16,865.3 1 0
QMLauncher/app.go:866.2,866.11 1 0
QMLauncher/app.go:871.61,873.103 2 0
QMLauncher/app.go:873.103,875.3 1 0
QMLauncher/app.go:875.8,875.23 1 0
QMLauncher/app.go:875.23,877.3 1 0
QMLauncher/app.go:878.2,879.16 2 0
QMLauncher/app.go:879.16,882.3 2 0
QMLauncher/app.go:883.2,883.10 1 0
QMLauncher/app.go:889.91,891.121 2 0
QMLauncher/app.go:891.121,893.3 1 0
QMLauncher/app.go:893.8,893.23 1 0
QMLauncher/app.go:893.23,895.3 1 0
QMLauncher/app.go:896.2,897.16 2 0
QMLauncher/app.go:897.16,900.3 2 0
QMLauncher/app.go:901.2,901.10 1 0
QMLauncher/app.go:905.58,907.24 2 0
QMLauncher/app.go:907.24,909.3 1 0
QMLauncher/app.go:910.2,910.62 1 0
QMLauncher/app.go:910.62,912.3 1 0
QMLauncher/app.go:913.2,913.11 1 0
QMLauncher/app.go:918.44,920.16 2 0
QMLauncher/app.go:920.16,922.3 1 0
QMLauncher/app.go:923.2,924.16 2 0
QMLauncher/app.go:924.16,926.3 1 0
QMLauncher/app.go:927.2,927.44 1 0
QMLauncher/app.go:927.44,929.3 1 0
QMLauncher/app.go:930.2,931.24 2 0
QMLauncher/app.go:932.17,933.42 1 0
QMLauncher/app.go:934.16,935.38 1 0
QMLauncher/app.go:936.10,937.42 1 0
QMLauncher/app.go:939.2,939.36 1 0
QMLauncher/app.go:939.36,941.3 1 0
QMLauncher/app.go:942.2,942.11 1 0
QMLauncher/app.go:962.42,964.2 1 0
QMLauncher/app.go:967.47,970.16 3 0
QMLauncher/app.go:970.16,974.3 3 0
QMLauncher/app.go:976.2,976.33 1 0
QMLauncher/app.go:976.33,980.3 3 0
QMLauncher/app.go:983.2,984.56 2 0
QMLauncher/app.go:984.56,999.3 1 0
QMLauncher/app.go:1001.2,1001.16 1 0
QMLauncher/app.go:1006.122,1008.2 1 0
QMLauncher/app.go:1015.247,1018.16 2 0
QMLauncher/app.go:1018.16,1020.3 1 0
QMLauncher/app.go:1023.2,1024.16 2 0
QMLauncher/app.go:1024.16,1026.3 1 0
QMLauncher/app.go:1028.2,1028.58 1 0
QMLauncher/app.go:1037.238,1039.25 2 0
QMLauncher/app.go:1039.25,1041.3 1 0
QMLauncher/app.go:1044.2,1045.47 2 0
QMLauncher/app.go:1045.47,1047.3 1 0
QMLauncher/app.go:1049.2,1052.58 2 0
QMLauncher/app.go:1052.58,1054.3 1 0
QMLauncher/app.go:1057.2,1060.35 3 0
QMLauncher/app.go:1060.35,1065.100 2 0
QMLauncher/app.go:1065.100,1066.52 1 0
QMLauncher/app.go:1066.52,1069.5 2 0
QMLauncher/app.go:1073.3,1073.29 1 0
QMLauncher/app.go:1073.29,1074.90 1 0
QMLauncher/app.go:1074.90,1076.28 2 0
QMLauncher/app.go:1076.28,1077.48 1 0
QMLauncher/app.go:1077.48,1080.27 2 0
QMLauncher/app.go:1080.27,1082.8 1 0
QMLauncher/app.go:1083.7,1091.12 5 0
QMLauncher/app.go:1098.3,1098.29 1 0
QMLauncher/app.go:1098.29,1099.49 1 0
QMLauncher/app.go:1099.49,1100.44 1 0
QMLauncher/app.go:1100.44,1107.11 3 0
QMLauncher/app.go:1112.3,1112.29 1 0
QMLauncher/app.go:1112.29,1114.4 1 0
QMLauncher/app.go:1115.8,1119.79 1 0
QMLauncher/app.go:1119.79,1120.52 1 0
QMLauncher/app.go:1120.52,1123.5 2 0
QMLauncher/app.go:1127.3,1127.29 1 0
QMLauncher/app.go:1127.29,1128.90 1 0
QMLauncher/app.go:1128.90,1130.21 2 0
QMLauncher/app.go:1130.21,1134.26 3 0
QMLauncher/app.go:1134.26,1136.7 1 0
QMLauncher/app.go:1137.6,1144.113 4 0
QMLauncher/app.go:1150.3,1150.29 1 0
QMLauncher/app.go:1150.29,1152.69 2 0
QMLauncher/app.go:1152.69,1155.5 2 0
QMLauncher/app.go:1156.4,1156.32 1 0
QMLauncher/app.go:1156.32,1158.5 1 0
QMLauncher/app.go:1159.4,1160.49 2 0
QMLauncher/app.go:1160.49,1161.39 1 0
QMLauncher/app.go:1161.39,1163.11 2 0
QMLauncher/app.go:1166.4,1166.22 1 0
QMLauncher/app.go:1166.22,1170.5 2 0
QMLauncher/app.go:1171.4,1176.117 2 0
QMLauncher/app.go:1181.2,1194.25 2 0
QMLauncher/app.go:1194.25,1197.3 2 0
QMLauncher/app.go:1199.2,1203.42 2 0
QMLauncher/app.go:1203.42,1209.78 3 0
QMLauncher/app.go:1209.78,1215.4 2 0
QMLauncher/app.go:1215.9,1221.4 2 0
QMLauncher/app.go:1225.2,1228.88 3 0
QMLauncher/app.go:1228.88,1233.89 3 0
QMLauncher/app.go:1233.89,1235.4 1 0
QMLauncher/app.go:1237.3,1243.29 3 0
QMLauncher/app.go:1243.29,1245.4 1 0
QMLauncher/app.go:1246.3,1246.58 1 0
QMLauncher/app.go:1246.58,1254.4 1 0
QMLauncher/app.go:1255.3,1255.83 1 0
QMLauncher/app.go:1255.83,1261.4 2 0
QMLauncher/app.go:1261.9,1264.27 2 0
QMLauncher/app.go:1264.27,1266.19 2 0
QMLauncher/app.go:1266.19,1268.6 1 0
QMLauncher/app.go:1269.5,1269.89 1 0
QMLauncher/app.go:1269.89,1271.6 1 0
QMLauncher/app.go:1271.11,1273.6 1 0
QMLauncher/app.go:1275.4,1278.6 1 0
QMLauncher/app.go:1282.2,1291.29 3 0
QMLauncher/app.go:1291.29,1292.28 1 0
QMLauncher/app.go:1293.34,1294.19 1 0
QMLauncher/app.go:1294.19,1305.31 4 0
QMLauncher/app.go:1305.31,1311.6 2 0
QMLauncher/app.go:1313.37,1319.6 2 0
QMLauncher/app.go:1320.40,1326.6 2 0
QMLauncher/app.go:1327.39,1332.6 2 0
QMLauncher/app.go:1333.37,1338.6 2 0
QMLauncher/app.go:1341.2,1342.16 2 0
QMLauncher/app.go:1342.16,1345.3 2 0
QMLauncher/app.go:1347.2,1351.41 3 0
QMLauncher/app.go:1351.41,1353.3 1 0
QMLauncher/app.go:1354.2,1354.89 1 0
QMLauncher/app.go:1354.89,1356.3 1 0
QMLauncher/app.go:1358.2,1365.61 3 0
QMLauncher/app.go:1365.61,1367.3 1 0
QMLauncher/app.go:1369.2,1369.16 1 0
QMLauncher/app.go:1369.16,1375.3 3 0
QMLauncher/app.go:1377.2,1379.12 3 0
QMLauncher/app.go:1383.164,1390.34 4 0
QMLauncher/app.go:1390.34,1392.3 1 0
QMLauncher/app.go:1394.2,1395.21 2 0
QMLauncher/app.go:1395.21,1397.20 2 0
QMLauncher/app.go:1398.17,1399.38 1 0
QMLauncher/app.go:1400.16,1401.37 1 0
QMLauncher/app.go:1402.19,1403.40 1 0
QMLauncher/app.go:1404.16,1405.37 1 0
QMLauncher/app.go:1406.11,1407.39 1 0
QMLauncher/app.go:1410.3,1410.22 1 0
QMLauncher/app.go:1410.22,1412.4 1 0
QMLauncher/app.go:1413.8,1415.3 1 0
QMLauncher/app.go:1418.2,1421.25 2 0
QMLauncher/app.go:1421.25,1423.3 1 0
QMLauncher/app.go:1427.2,1445.63 3 0
QMLauncher/app.go:1445.63,1448.3 2 0
QMLauncher/app.go:1450.2,1461.16 4 0
QMLauncher/app.go:1461.16,1470.17 5 0
QMLauncher/app.go:1470.17,1476.4 3 0
QMLauncher/app.go:1477.3,1481.5 2 0
QMLauncher/app.go:1482.8,1492.35 5 0
QMLauncher/app.go:1492.35,1496.4 3 0
QMLauncher/app.go:1498.3,1498.49 1 0
QMLauncher/app.go:1498.49,1502.4 3 0
QMLauncher/app.go:1504.3,1504.49 1 0
QMLauncher/app.go:1504.49,1508.4 3 0
QMLauncher/app.go:1511.3,1513.63 2 0
QMLauncher/app.go:1513.63,1517.4 3 0
QMLauncher/app.go:1519.3,1519.32 1 0
QMLauncher/app.go:1519.32,1523.4 3 0
QMLauncher/app.go:1526.3,1526.75 1 0
QMLauncher/app.go:1526.75,1530.4 3 0
QMLauncher/app.go:1533.3,1533.24 1 0
QMLauncher/app.go:1533.24,1535.4 1 0
QMLauncher/app.go:1537.3,1537.45 1 0
QMLauncher/app.go:1537.45,1538.45 1 0
QMLauncher/app.go:1538.45,1540.5 1 0
QMLauncher/app.go:1540.10,1542.5 1 0
QMLauncher/app.go:1546.2,1546.21 1 0
QMLauncher/app.go:1550.45,1555.43 3 0
QMLauncher/app.go:1555.43,1558.3 2 0
QMLauncher/app.go:1558.8,1558.57 1 0
QMLauncher/app.go:1558.57,1561.3 2 0
QMLauncher/app.go:1561.8,1563.45 1 0
QMLauncher/app.go:1563.45,1566.4 2 0
QMLauncher/app.go:1566.9,1569.4 2 0
QMLauncher/app.go:1572.2,1577.51 4 0
QMLauncher/app.go:1577.51,1580.3 2 0
QMLauncher/app.go:1581.2,1592.16 8 0
QMLauncher/app.go:1592.16,1595.3 2 0
QMLauncher/app.go:1596.2,1603.12 5 0
QMLauncher/app.go:1607.44,1609.2 1 0
QMLauncher/app.go:1612.39,1613.17 1 0
QMLauncher/app.go:1614.30,1615.33 1 0
QMLauncher/app.go:1616.21,1617.33 1 0
QMLauncher/app.go:1618.10,1619.33 1 0
QMLauncher/app.go:1622.2,1622.50 1 0
QMLauncher/app.go:1622.50,1626.57 4 0
QMLauncher/app.go:1626.57,1628.4 1 0
QMLauncher/app.go:1629.3,1629.22 1 0
QMLauncher/app.go:1629.22,1631.4 1 0
QMLauncher/app.go:1632.3,1633.70 2 0
QMLauncher/app.go:1633.70,1635.4 1 0
QMLauncher/app.go:1640.32,1642.2 1 0
QMLauncher/app.go:1670.43,1674.39 2 0
QMLauncher/app.go:1674.39,1676.92 2 0
QMLauncher/app.go:1676.92,1678.4 1 0
QMLauncher/app.go:1679.3,1685.5 1 0
QMLauncher/app.go:1689.2,1689.56 1 0
QMLauncher/app.go:1689.56,1692.38 3 0
QMLauncher/app.go:1692.38,1694.4 1 0
QMLauncher/app.go:1695.3,1701.5 1 0
QMLauncher/app.go:1707.2,1709.88 3 0
QMLauncher/app.go:1709.88,1712.24 3 0
QMLauncher/app.go:1712.24,1714.4 1 0
QMLauncher/app.go:1715.3,1715.20 1 0
QMLauncher/app.go:1715.20,1717.4 1 0
QMLauncher/app.go:1718.3,1718.55 1 0
QMLauncher/app.go:1718.55,1719.27 1 0
QMLauncher/app.go:1719.27,1721.31 2 0
QMLauncher/app.go:1721.31,1726.67 4 0
QMLauncher/app.go:1726.67,1728.7 1 0
QMLauncher/app.go:1729.6,1729.11 1 0
QMLauncher/app.go:1734.2,1734.44 1 0
QMLauncher/app.go:1734.44,1735.24 1 0
QMLauncher/app.go:1735.24,1736.12 1 0
QMLauncher/app.go:1738.3,1742.45 5 0
QMLauncher/app.go:1742.45,1746.4 3 0
QMLauncher/app.go:1747.3,1756.5 1 0
QMLauncher/app.go:1760.2,1760.88 1 0
QMLauncher/app.go:1760.88,1763.24 3 0
QMLauncher/app.go:1763.24,1765.4 1 0
QMLauncher/app.go:1766.3,1766.20 1 0
QMLauncher/app.go:1766.20,1768.4 1 0
QMLauncher/app.go:1769.3,1769.55 1 0
QMLauncher/app.go:1769.55,1770.27 1 0
QMLauncher/app.go:1770.27,1772.31 2 0
QMLauncher/app.go:1772.31,1775.59 2 0
QMLauncher/app.go:1775.59,1777.102 1 0
QMLauncher/app.go:1777.102,1779.8 1 0
QMLauncher/app.go:1781.6,1790.8 1 0
QMLauncher/app.go:1796.2,1796.17 1 0
QMLauncher/app.go:1800.51,1803.16 2 0
QMLauncher/app.go:1803.16,1805.3 1 0
QMLauncher/app.go:1808.2,1808.15 1 0
QMLauncher/app.go:1808.15,1811.17 2 0
QMLauncher/app.go:1811.17,1813.4 1 0
QMLauncher/app.go:1815.3,1815.88 1 0
QMLauncher/app.go:1816.8,1821.3 2 0
QMLauncher/app.go:1825.38,1827.16 2 0
QMLauncher/app.go:1827.16,1829.3 1 0
QMLauncher/app.go:1830.2,1830.42 1 0
QMLauncher/app.go:1835.48,1839.16 3 0
QMLauncher/app.go:1839.16,1843.3 3 0
QMLauncher/app.go:1846.2,1846.56 1 0
QMLauncher/app.go:1846.56,1849.3 2 0
QMLauncher/app.go:1850.2,1850.39 1 0
QMLauncher/app.go:1850.39,1855.3 4 0
QMLauncher/app.go:1858.2,1859.16 2 0
QMLauncher/app.go:1859.16,1863.3 3 0
QMLauncher/app.go:1866.2,1869.12 2 0
QMLauncher/app.go:1869.12,1872.82 3 0
QMLauncher/app.go:1872.82,1873.31 1 0
QMLauncher/app.go:1873.31,1876.5 2 0
QMLauncher/app.go:1877.4,1881.24 4 0
QMLauncher/app.go:1881.24,1889.5 7 0
QMLauncher/app.go:1891.4,1891.18 1 0
QMLauncher/app.go:1891.18,1899.5 7 0
QMLauncher/app.go:1902.4,1903.18 2 0
QMLauncher/app.go:1903.18,1911.5 7 0
QMLauncher/app.go:1914.4,1918.44 5 0
QMLauncher/app.go:1920.3,1920.79 1 0
QMLauncher/app.go:1920.79,1922.4 1 0
QMLauncher/app.go:1926.2,1927.24 2 0
QMLauncher/app.go:1928.17,1929.82 1 0
QMLauncher/app.go:1930.16,1931.47 1 0
QMLauncher/app.go:1932.10,1933.51 1 0
QMLauncher/app.go:1935.2,1935.36 1 0
QMLauncher/app.go:1935.36,1939.3 3 0
QMLauncher/app.go:1940.2,1941.25 2 0
QMLauncher/app.go:1944.62,1945.16 1 0
QMLauncher/app.go:1945.16,1947.3 1 0
QMLauncher/app.go:1951.84,1953.13 2 0
QMLauncher/app.go:1953.13,1955.3 1 0
QMLauncher/app.go:1956.2,2005.47 1 0
QMLauncher/app.go:2010.52,2013.16 2 0
QMLauncher/app.go:2013.16,2017.3 3 0
QMLauncher/app.go:2018.2,2023.48 4 0
QMLauncher/app.go:2023.48,2025.3 1 0
QMLauncher/app.go:2026.2,2029.12 2 0
QMLauncher/app.go:2029.12,2032.82 3 0
QMLauncher/app.go:2032.82,2033.33 1 0
QMLauncher/app.go:2033.33,2036.5 2 0
QMLauncher/app.go:2037.4,2040.19 4 0
QMLauncher/app.go:2040.19,2047.5 6 0
QMLauncher/app.go:2048.4,2048.71 1 0
QMLauncher/app.go:2048.71,2054.5 5 0
QMLauncher/app.go:2054.10,2059.5 4 0
QMLauncher/app.go:2060.4,2060.44 1 0
QMLauncher/app.go:2062.3,2062.79 1 0
QMLauncher/app.go:2062.79,2064.4 1 0
QMLauncher/app.go:2068.2,2069.24 2 0
QMLauncher/app.go:2070.17,2071.73 1 0
QMLauncher/app.go:2072.16,2073.38 1 0
QMLauncher/app.go:2074.10,2075.42 1 0
QMLauncher/app.go:2077.2,2077.36 1 0
QMLauncher/app.go:2077.36,2081.3 3 0
QMLauncher/app.go:2082.2,2082.16 1 0
QMLauncher/app.go:2085.58,2086.16 1 0
QMLauncher/app.go:2086.16,2088.3 1 0
QMLauncher/app.go:2092.80,2094.13 2 0
QMLauncher/app.go:2094.13,2096.3 1 0
QMLauncher/app.go:2097.2,2146.47 1 0
QMLauncher/app.go:2150.55,2151.55 1 0
QMLauncher/app.go:2151.55,2153.3 1 0
QMLauncher/app.go:2154.2,2155.32 2 0
QMLauncher/app.go:2161.87,2163.16 2 0
QMLauncher/app.go:2163.16,2165.3 1 0
QMLauncher/app.go:2166.2,2166.39 1 0
QMLauncher/app.go:2166.39,2168.3 1 0
QMLauncher/app.go:2170.2,2171.21 2 0
QMLauncher/app.go:2171.21,2173.3 1 0
QMLauncher/app.go:2174.2,2175.45 2 0
QMLauncher/app.go:2175.45,2177.3 1 0
QMLauncher/app.go:2178.2,2184.19 3 0
QMLauncher/app.go:2184.19,2186.3 1 0
QMLauncher/app.go:2187.2,2189.16 3 0
QMLauncher/app.go:2189.16,2191.3 1 0
QMLauncher/app.go:2192.2,2195.16 4 0
QMLauncher/app.go:2195.16,2197.3 1 0
QMLauncher/app.go:2198.2,2199.79 2 0
QMLauncher/app.go:2199.79,2202.3 2 0
QMLauncher/app.go:2203.2,2208.18 3 0
QMLauncher/app.go:2208.18,2210.3 1 0
QMLauncher/app.go:2211.2,2211.79 1 0
QMLauncher/app.go:2223.45,2226.16 3 0
QMLauncher/app.go:2226.16,2228.3 1 0
QMLauncher/app.go:2229.2,2230.16 2 0
QMLauncher/app.go:2230.16,2232.3 1 0
QMLauncher/app.go:2233.2,2234.38 2 0
QMLauncher/app.go:2234.38,2236.3 1 0
QMLauncher/app.go:2237.2,2245.65 2 0
QMLauncher/app.go:2245.65,2247.3 1 0
QMLauncher/app.go:2248.2,2249.30 2 0
QMLauncher/app.go:2249.30,2256.3 1 0
QMLauncher/app.go:2257.2,2257.20 1 0
QMLauncher/app.go:2261.64,2264.16 3 0
QMLauncher/app.go:2264.16,2266.3 1 0
QMLauncher/app.go:2267.2,2268.16 2 0
QMLauncher/app.go:2268.16,2270.3 1 0
QMLauncher/app.go:2271.2,2272.38 2 0
QMLauncher/app.go:2272.38,2274.3 1 0
QMLauncher/app.go:2275.2,2276.64 2 0
QMLauncher/app.go:2276.64,2278.3 1 0
QMLauncher/app.go:2279.2,2279.16 1 0
QMLauncher/app.go:2279.16,2281.3 1 0
QMLauncher/app.go:2282.2,2282.17 1 0
QMLauncher/app.go:2286.49,2289.2 2 0
QMLauncher/app.go:2294.130,2296.45 2 0
QMLauncher/app.go:2296.45,2298.3 1 0
QMLauncher/app.go:2299.2,2301.16 3 0
QMLauncher/app.go:2301.16,2303.3 1 0
QMLauncher/app.go:2304.2,2306.16 3 0
QMLauncher/app.go:2306.16,2308.3 1 0
QMLauncher/app.go:2309.2,2310.38 2 0
QMLauncher/app.go:2310.38,2312.3 1 0
QMLauncher/app.go:2313.2,2318.65 2 0
QMLauncher/app.go:2318.65,2320.3 1 0
QMLauncher/app.go:2321.2,2324.75 4 0
QMLauncher/app.go:2328.71,2330.45 2 0
QMLauncher/app.go:2330.45,2332.3 1 0
QMLauncher/app.go:2333.2,2335.16 3 0
QMLauncher/app.go:2335.16,2337.3 1 0
QMLauncher/app.go:2338.2,2340.16 3 0
QMLauncher/app.go:2340.16,2342.3 1 0
QMLauncher/app.go:2343.2,2344.38 2 0
QMLauncher/app.go:2344.38,2347.3 2 0
QMLauncher/app.go:2348.2,2360.65 2 0
QMLauncher/app.go:2360.65,2362.3 1 0
QMLauncher/app.go:2363.2,2364.39 2 0
QMLauncher/app.go:2364.39,2366.24 2 0
QMLauncher/app.go:2366.24,2368.4 1 0
QMLauncher/app.go:2369.3,2370.24 2 0
QMLauncher/app.go:2370.24,2372.4 1 0
QMLauncher/app.go:2373.3,2374.27 2 0
QMLauncher/app.go:2374.27,2376.4 1 0
QMLauncher/app.go:2377.3,2378.27 2 0
QMLauncher/app.go:2378.27,2380.4 1 0
QMLauncher/app.go:2381.3,2390.5 1 0
QMLauncher/app.go:2392.2,2392.19 1 0
QMLauncher/app.go:2396.99,2398.45 2 0
QMLauncher/app.go:2398.45,2400.3 1 0
QMLauncher/app.go:2401.2,2403.21 3 0
QMLauncher/app.go:2403.21,2405.3 1 0
QMLauncher/app.go:2406.2,2406.19 1 0
QMLauncher/app.go:2406.19,2408.3 1 0
QMLauncher/app.go:2408.8,2410.3 1 0
QMLauncher/app.go:2411.2,2413.16 3 0
QMLauncher/app.go:2413.16,2415.3 1 0
QMLauncher/app.go:2416.2,2419.16 4 0
QMLauncher/app.go:2419.16,2421.3 1 0
QMLauncher/app.go:2422.2,2423.38 2 0
QMLauncher/app.go:2423.38,2426.3 2 0
QMLauncher/app.go:2427.2,2427.23 1 0
QMLauncher/app.go:2431.65,2433.45 2 0
QMLauncher/app.go:2433.45,2435.3 1 0
QMLauncher/app.go:2436.2,2438.16 3 0
QMLauncher/app.go:2438.16,2440.3 1 0
QMLauncher/app.go:2441.2,2444.16 4 0
QMLauncher/app.go:2444.16,2446.3 1 0
QMLauncher/app.go:2447.2,2448.81 2 0
QMLauncher/app.go:2448.81,2451.3 2 0
QMLauncher/app.go:2453.2,2453.18 1 0
QMLauncher/app.go:2453.18,2455.3 1 0
QMLauncher/app.go:2456.2,2456.31 1 0
QMLauncher/app.go:2487.88,2489.45 2 0
QMLauncher/app.go:2489.45,2491.3 1 0
QMLauncher/app.go:2492.2,2494.16 3 0
QMLauncher/app.go:2494.16,2496.3 1 0
QMLauncher/app.go:2497.2,2499.16 3 0
QMLauncher/app.go:2499.16,2501.3 1 0
QMLauncher/app.go:2502.2,2503.38 2 0
QMLauncher/app.go:2503.38,2506.3 2 0
QMLauncher/app.go:2507.2,2519.65 2 0
QMLauncher/app.go:2519.65,2521.3 1 0
QMLauncher/app.go:2522.2,2523.39 2 0
QMLauncher/app.go:2523.39,2534.3 1 0
QMLauncher/app.go:2535.2,2535.58 1 0
QMLauncher/app.go:2540.72,2541.16 1 0
QMLauncher/app.go:2541.16,2543.3 1 0
QMLauncher/app.go:2544.2,2544.37 1 0
QMLauncher/app.go:2544.37,2546.3 1 0
QMLauncher/app.go:2547.2,2548.56 2 0
QMLauncher/app.go:2554.80,2555.20 1 0
QMLauncher/app.go:2555.20,2557.3 1 0
QMLauncher/app.go:2558.2,2558.37 1 0
QMLauncher/app.go:2558.37,2560.3 1 0
QMLauncher/app.go:2561.2,2562.45 2 0
QMLauncher/app.go:2562.45,2564.3 1 0
QMLauncher/app.go:2565.2,2572.16 5 0
QMLauncher/app.go:2572.16,2574.3 1 0
QMLauncher/app.go:2575.2,2578.16 4 0
QMLauncher/app.go:2578.16,2580.3 1 0
QMLauncher/app.go:2581.2,2582.79 2 0
QMLauncher/app.go:2582.79,2585.3 2 0
QMLauncher/app.go:2587.2,2587.18 1 0
QMLauncher/app.go:2587.18,2589.3 1 0
QMLauncher/app.go:2590.2,2590.59 1 0
QMLauncher/app.go:2595.54,2598.34 3 0
QMLauncher/app.go:2598.34,2600.3 1 0
QMLauncher/app.go:2601.2,2601.56 1 0
QMLauncher/app.go:2605.53,2608.2 2 0
QMLauncher/app.go:2611.56,2614.45 3 0
QMLauncher/app.go:2614.45,2616.3 1 0
QMLauncher/app.go:2617.2,2619.16 3 0
QMLauncher/app.go:2619.16,2621.3 1 0
QMLauncher/app.go:2622.2,2624.16 3 0
QMLauncher/app.go:2624.16,2626.3 1 0
QMLauncher/app.go:2627.2,2628.38 2 0
QMLauncher/app.go:2628.38,2630.3 1 0
QMLauncher/app.go:2631.2,2632.65 2 0
QMLauncher/app.go:2632.65,2634.3 1 0
QMLauncher/app.go:2635.2,2635.49 1 0
QMLauncher/app.go:2635.49,2636.41 1 0
QMLauncher/app.go:2636.41,2638.4 1 0
QMLauncher/app.go:2640.2,2640.37 1 0
QMLauncher/app.go:2640.37,2641.24 1 0
QMLauncher/app.go:2642.13,2643.28 1 0
QMLauncher/app.go:2644.16,2645.33 1 0
QMLauncher/app.go:2648.2,2650.15 3 0
QMLauncher/app.go:2654.58,2658.78 2 0
QMLauncher/app.go:2658.78,2659.53 1 0
QMLauncher/app.go:2659.53,2665.4 5 0
QMLauncher/app.go:2667.3,2667.42 1 0
QMLauncher/app.go:2667.42,2673.4 5 0
QMLauncher/app.go:2678.2,2678.88 1 0
QMLauncher/app.go:2678.88,2684.3 5 0
QMLauncher/app.go:2687.2,2688.30 2 0
QMLauncher/app.go:2688.30,2694.3 5 0
QMLauncher/app.go:2697.2,2701.15 5 0
QMLauncher/app.go:2707.34,2710.46 3 0
QMLauncher/app.go:2710.46,2712.47 2 0
QMLauncher/app.go:2712.47,2713.45 1 0
QMLauncher/app.go:2713.45,2715.5 1 0
QMLauncher/app.go:2718.2,2718.51 1 0
QMLauncher/app.go:2721.55,2723.17 2 0
QMLauncher/app.go:2723.17,2725.3 1 0
QMLauncher/app.go:2726.2,2726.54 1 0
QMLauncher/app.go:2730.43,2732.2 1 0
QMLauncher/app.go:2735.48,2736.56 1 0
QMLauncher/app.go:2736.56,2738.3 1 0
QMLauncher/app.go:2739.2,2739.41 1 0
QMLauncher/app.go:2744.94,2747.18 3 0
QMLauncher/app.go:2747.18,2751.3 3 0
QMLauncher/app.go:2752.2,2754.16 3 0
QMLauncher/app.go:2754.16,2756.3 1 0
QMLauncher/app.go:2758.2,2759.35 2 0
QMLauncher/app.go:2759.35,2760.114 1 0
QMLauncher/app.go:2760.114,2762.4 1 0
QMLauncher/app.go:2764.2,2764.22 1 0
QMLauncher/app.go:2764.22,2767.3 2 0
QMLauncher/app.go:2768.2,2770.16 3 0
QMLauncher/app.go:2770.16,2772.3 1 0
QMLauncher/app.go:2773.2,2774.34 2 0
QMLauncher/app.go:2774.34,2777.89 3 0
QMLauncher/app.go:2777.89,2779.12 2 0
QMLauncher/app.go:2781.3,2781.68 1 0
QMLauncher/app.go:2783.2,2783.12 1 0
QMLauncher/app.go:2792.126,2797.31 3 0
QMLauncher/app.go:2797.31,2800.3 2 0
QMLauncher/app.go:2802.2,2802.19 1 0
QMLauncher/app.go:2802.19,2805.3 2 0
QMLauncher/app.go:2807.2,2812.16 4 0
QMLauncher/app.go:2812.16,2815.3 2 0
QMLauncher/app.go:2817.2,2821.38 3 0
QMLauncher/app.go:2821.38,2823.3 1 0
QMLauncher/app.go:2825.2,2830.33 4 0
QMLauncher/app.go:2830.33,2832.3 1 0
QMLauncher/app.go:2833.2,2833.27 1 0
QMLauncher/app.go:2833.27,2835.3 1 0
QMLauncher/app.go:2838.2,2839.38 2 0
QMLauncher/app.go:2839.38,2840.74 1 0
QMLauncher/app.go:2840.74,2841.12 1 0
QMLauncher/app.go:2843.3,2843.46 1 0
QMLauncher/app.go:2845.2,2849.72 3 0
QMLauncher/app.go:2849.72,2851.3 1 0
QMLauncher/app.go:2851.8,2853.3 1 0
QMLauncher/app.go:2856.2,2863.37 6 0
QMLauncher/app.go:2863.37,2864.67 1 0
QMLauncher/app.go:2864.67,2865.12 1 0
QMLauncher/app.go:2867.3,2869.51 3 0
QMLauncher/app.go:2869.51,2871.61 2 0
QMLauncher/app.go:2871.61,2873.5 1 0
QMLauncher/app.go:2877.2,2877.48 1 0
QMLauncher/app.go:2877.48,2884.74 4 0
QMLauncher/app.go:2884.74,2887.12 3 0
QMLauncher/app.go:2891.3,2891.28 1 0
QMLauncher/app.go:2891.28,2895.100 3 0
QMLauncher/app.go:2895.100,2896.56 1 0
QMLauncher/app.go:2896.56,2897.56 1 0
QMLauncher/app.go:2897.56,2899.7 1 0
QMLauncher/app.go:2902.4,2902.12 1 0
QMLauncher/app.go:2905.3,2908.21 4 0
QMLauncher/app.go:2908.21,2910.4 1 0
QMLauncher/app.go:2911.3,2911.26 1 0
QMLauncher/app.go:2911.26,2913.4 1 0
QMLauncher/app.go:2916.3,2916.54 1 0
QMLauncher/app.go:2916.54,2918.18 2 0
QMLauncher/app.go:2918.18,2920.13 2 0
QMLauncher/app.go:2922.4,2922.35 1 0
QMLauncher/app.go:2922.35,2925.46 3 0
QMLauncher/app.go:2925.46,2927.6 1 0
QMLauncher/app.go:2928.5,2928.13 1 0
QMLauncher/app.go:2930.4,2930.18 1 0
QMLauncher/app.go:2931.9,2933.4 1 0
QMLauncher/app.go:2935.3,2935.44 1 0
QMLauncher/app.go:2935.44,2937.4 1 0
QMLauncher/app.go:2940.3,2941.118 2 0
QMLauncher/app.go:2941.118,2943.12 2 0
QMLauncher/app.go:2945.3,2945.90 1 0
QMLauncher/app.go:2949.2,2950.35 2 0
QMLauncher/app.go:2950.35,2951.43 1 0
QMLauncher/app.go:2951.43,2952.12 1 0
QMLauncher/app.go:2954.3,2955.26 2 0
QMLauncher/app.go:2955.26,2957.17 2 0
QMLauncher/app.go:2957.17,2959.5 1 0
QMLauncher/app.go:2960.4,2960.140 1 0
QMLauncher/app.go:2962.3,2964.47 3 0
QMLauncher/app.go:2964.47,2966.61 2 0
QMLauncher/app.go:2966.61,2968.5 1 0
QMLauncher/app.go:2972.2,2975.12 2 0
QMLauncher/app.go:2979.56,2981.16 2 0
QMLauncher/app.go:2981.16,2983.3 1 0
QMLauncher/app.go:2984.2,2987.47 3 0
QMLauncher/app.go:2987.47,2989.3 1 0
QMLauncher/app.go:2991.2,2991.46 1 0
QMLauncher/app.go:3011.104,3016.16 4 0
QMLauncher/app.go:3016.16,3018.3 1 0
QMLauncher/app.go:3019.2,3021.38 2 0
QMLauncher/app.go:3021.38,3023.16 2 0
QMLauncher/app.go:3023.16,3025.4 1 0
QMLauncher/app.go:3026.3,3026.73 1 0
QMLauncher/app.go:3029.2,3030.69 2 0
QMLauncher/app.go:3030.69,3032.3 1 0
QMLauncher/app.go:3034.2,3034.23 1 0
QMLauncher/app.go:3038.113,3043.16 4 0
QMLauncher/app.go:3043.16,3045.3 1 0
QMLauncher/app.go:3046.2,3048.38 2 0
QMLauncher/app.go:3048.38,3050.16 2 0
QMLauncher/app.go:3050.16,3052.4 1 0
QMLauncher/app.go:3053.3,3053.76 1 0
QMLauncher/app.go:3057.2,3057.66 1 0
QMLauncher/app.go:3057.66,3059.3 1 0
QMLauncher/app.go:3062.2,3063.16 2 0
QMLauncher/app.go:3063.16,3065.3 1 0
QMLauncher/app.go:3066.2,3070.16 3 0
QMLauncher/app.go:3070.16,3072.3 1 0
QMLauncher/app.go:3074.2,3074.12 1 0
QMLauncher/app.go:3078.87,3084.52 3 0
QMLauncher/app.go:3084.52,3086.52 2 0
QMLauncher/app.go:3086.52,3089.4 2 0
QMLauncher/app.go:3090.3,3090.13 1 0
QMLauncher/app.go:3093.2,3097.85 3 0
QMLauncher/app.go:3097.85,3098.17 1 0
QMLauncher/app.go:3098.17,3100.4 1 0
QMLauncher/app.go:3103.3,3103.22 1 0
QMLauncher/app.go:3103.22,3105.4 1 0
QMLauncher/app.go:3108.3,3109.17 2 0
QMLauncher/app.go:3109.17,3112.4 2 0
QMLauncher/app.go:3115.3,3120.57 4 0
QMLauncher/app.go:3120.57,3123.4 2 0
QMLauncher/app.go:3124.3,3124.14 1 0
QMLauncher/app.go:3124.14,3125.20 1 0
QMLauncher/app.go:3125.20,3127.46 2 0
QMLauncher/app.go:3127.46,3130.6 2 0
QMLauncher/app.go:3131.5,3132.28 2 0
QMLauncher/app.go:3133.10,3135.43 2 0
QMLauncher/app.go:3135.43,3138.6 2 0
QMLauncher/app.go:3139.5,3139.19 1 0
QMLauncher/app.go:3143.3,3143.13 1 0
QMLauncher/app.go:3146.2,3146.16 1 0
QMLauncher/app.go:3146.16,3149.3 2 0
QMLauncher/app.go:3151.2,3152.12 2 0
QMLauncher/main.go:16.13,17.32 1 0
QMLauncher/main.go:17.32,18.42 1 0
QMLauncher/main.go:18.42,21.4 2 0
QMLauncher/main.go:23.2,23.10 1 0
QMLauncher/main.go:26.15,45.16 3 0
QMLauncher/main.go:45.16,47.3 1 0
QMLauncher/internal/i18n/lang.go:971.32,972.13 1 0
QMLauncher/internal/i18n/lang.go:973.24,975.36 2 0
QMLauncher/internal/i18n/lang.go:976.24,978.36 2 0
QMLauncher/internal/i18n/lang.go:979.10,981.36 2 0
QMLauncher/internal/i18n/lang.go:986.23,987.40 1 0
QMLauncher/internal/i18n/lang.go:987.40,989.3 1 0
QMLauncher/internal/i18n/lang.go:990.2,990.13 1 0
QMLauncher/internal/i18n/lang.go:994.39,996.2 1 0
QMLauncher/internal/i18n/lang.go:999.35,1001.9 2 0
QMLauncher/internal/i18n/lang.go:1001.9,1003.3 1 0
QMLauncher/internal/i18n/lang.go:1004.2,1004.10 1 0
QMLauncher/pkg/env.go:32.36,43.51 10 0
QMLauncher/pkg/env.go:43.51,45.3 1 0
QMLauncher/pkg/env.go:46.2,46.12 1 0
QMLauncher/pkg/env.go:49.13,52.2 2 0
QMLauncher/internal/network/cache.go:25.39,27.47 2 0
QMLauncher/internal/network/cache.go:27.47,28.29 1 0
QMLauncher/internal/network/cache.go:28.29,30.18 2 0
QMLauncher/internal/network/cache.go:30.18,32.5 1 0
QMLauncher/internal/network/cache.go:33.4,33.57 1 0
QMLauncher/internal/network/cache.go:33.57,35.5 1 0
QMLauncher/internal/network/cache.go:39.2,39.35 1 0
QMLauncher/internal/network/cache.go:39.35,40.22 1 0
QMLauncher/internal/network/cache.go:40.22,42.4 1 0
QMLauncher/internal/network/cache.go:44.3,49.29 2 0
QMLauncher/internal/network/cache.go:49.29,51.4 1 0
QMLauncher/internal/network/cache.go:54.2,55.16 2 0
QMLauncher/internal/network/cache.go:55.16,57.3 1 0
QMLauncher/internal/network/cache.go:59.2,59.30 1 0
QMLauncher/internal/network/cache.go:59.30,61.3 1 0
QMLauncher/internal/network/cache.go:61.8,63.3 1 0
QMLauncher/internal/network/cache.go:67.46,69.16 2 0
QMLauncher/internal/network/cache.go:69.16,71.3 1 0
QMLauncher/internal/network/cache.go:72.2,74.41 3 0
QMLauncher/internal/network/cache.go:74.41,76.3 1 0
QMLauncher/internal/network/cache.go:77.2,77.44 1 0
QMLauncher/internal/network/network.go:28.82,30.24 2 0
QMLauncher/internal/network/network.go:30.24,32.3 1 0
QMLauncher/internal/network/network.go:33.2,33.31 1 0
QMLauncher/internal/network/network.go:33.31,35.3 1 0
QMLauncher/internal/network/network.go:36.2,37.29 2 0
QMLauncher/internal/network/network.go:60.46,62.16 2 0
QMLauncher/internal/network/network.go:62.16,64.3 1 0
[...]
QMLauncher/internal/meta/mods.go:463.2,471.45 2 0
QMLauncher/internal/meta/mods.go:471.45,472.40 1 0
QMLauncher/internal/meta/mods.go:472.40,477.4 4 0
QMLauncher/internal/meta/mods.go:481.2,488.12 5 0
QMLauncher/internal/meta/mods.go:492.48,507.35 8 0
QMLauncher/internal/meta/mods.go:507.35,509.3 1 0
QMLauncher/internal/meta/mods.go:512.2,514.30 2 0
QMLauncher/internal/meta/mods.go:518.60,548.29 14 0
QMLauncher/internal/meta/mods.go:548.29,549.42 1 0
QMLauncher/internal/meta/mods.go:549.42,551.4 1 0
QMLauncher/internal/meta/mods.go:555.2,555.28 1 0
QMLauncher/internal/meta/mods.go:555.28,557.3 1 0
QMLauncher/internal/meta/mods.go:557.8,557.54 1 0
QMLauncher/internal/meta/mods.go:557.54,560.3 1 0
QMLauncher/internal/meta/mods.go:562.2,562.41 1 0
QMLauncher/internal/meta/mods.go:566.104,576.58 4 0
QMLauncher/internal/meta/mods.go:576.58,577.61 1 0
QMLauncher/internal/meta/mods.go:577.61,578.59 1 0
QMLauncher/internal/meta/mods.go:578.59,580.5 1 0
QMLauncher/internal/meta/mods.go:582.8,584.3 1 0
QMLauncher/internal/meta/mods.go:588.2,598.46 5 0
QMLauncher/internal/meta/mods.go:598.46,603.3 3 0
QMLauncher/internal/meta/mods.go:606.2,613.43 2 0
QMLauncher/internal/meta/mods.go:613.43,614.40 1 0
QMLauncher/internal/meta/mods.go:614.40,618.4 3 0
QMLauncher/internal/meta/mods.go:622.2,622.34 1 0
QMLauncher/internal/meta/mods.go:622.34,635.42 4 0
QMLauncher/internal/meta/mods.go:635.42,639.4 3 0
QMLauncher/internal/meta/mods.go:642.3,642.43 1 0
QMLauncher/internal/meta/mods.go:642.43,646.4 3 0
QMLauncher/internal/meta/mods.go:649.3,652.36 3 0
QMLauncher/internal/meta/mods.go:652.36,653.79 1 0
QMLauncher/internal/meta/mods.go:653.79,655.5 1 0
QMLauncher/internal/meta/mods.go:658.3,659.46 2 0
QMLauncher/internal/meta/mods.go:659.46,661.4 1 0
QMLauncher/internal/meta/mods.go:665.3,665.52 1 0
QMLauncher/internal/meta/mods.go:665.52,667.22 1 0
QMLauncher/internal/meta/mods.go:667.22,671.5 3 0
QMLauncher/internal/meta/mods.go:676.2,676.34 1 0
QMLauncher/internal/meta/mods.go:676.34,682.36 5 0
QMLauncher/internal/meta/mods.go:682.36,683.79 1 0
QMLauncher/internal/meta/mods.go:683.79,685.5 1 0
QMLauncher/internal/meta/mods.go:688.3,689.46 2 0
QMLauncher/internal/meta/mods.go:689.46,691.4 1 0
QMLauncher/internal/meta/mods.go:693.3,693.52 1 0
QMLauncher/internal/meta/mods.go:693.52,697.4 3 0
QMLauncher/internal/meta/mods.go:701.2,703.62 3 0
QMLauncher/internal/meta/mods.go:707.63,708.73 1 0
QMLauncher/internal/meta/mods.go:708.73,711.3 2 0
QMLauncher/internal/meta/mods.go:715.56,717.13 2 0
QMLauncher/internal/meta/mods.go:717.13,719.3 1 0
QMLauncher/internal/meta/mods.go:720.2,720.83 1 0
QMLauncher/internal/meta/mods.go:724.101,726.16 2 0
QMLauncher/internal/meta/mods.go:726.16,728.3 1 0
QMLauncher/internal/meta/mods.go:729.2,730.23 2 0
QMLauncher/internal/meta/mods.go:730.23,732.3 1 0
QMLauncher/internal/meta/mods.go:734.2,735.23 2 0
QMLauncher/internal/meta/mods.go:735.23,737.3 1 0
QMLauncher/internal/meta/mods.go:739.2,740.16 2 0
QMLauncher/internal/meta/mods.go:740.16,742.3 1 0
QMLauncher/internal/meta/mods.go:743.2,750.66 7 0
QMLauncher/internal/meta/mods.go:750.66,752.3 1 0
QMLauncher/internal/meta/mods.go:753.2,761.46 4 0
QMLauncher/internal/meta/mods.go:761.46,763.3 1 0
QMLauncher/internal/meta/mods.go:764.2,764.27 1 0
QMLauncher/internal/meta/mods.go:764.27,766.3 1 0
QMLauncher/internal/meta/mods.go:768.2,770.44 3 0
QMLauncher/internal/meta/mods.go:770.44,772.3 1 0
QMLauncher/internal/meta/mods.go:774.2,774.34 1 0
QMLauncher/internal/meta/mods.go:774.34,777.28 3 0
QMLauncher/internal/meta/mods.go:777.28,779.4 1 0
QMLauncher/internal/meta/mods.go:780.3,781.36 2 0
QMLauncher/internal/meta/mods.go:781.36,782.79 1 0
QMLauncher/internal/meta/mods.go:782.79,784.5 1 0
QMLauncher/internal/meta/mods.go:786.3,786.28 1 0
QMLauncher/internal/meta/mods.go:786.28,788.4 1 0
QMLauncher/internal/meta/mods.go:791.2,791.33 1 0
QMLauncher/internal/meta/qmserver_create_instance_versions.go:21.86,23.19 2 0
QMLauncher/internal/meta/qmserver_create_instance_versions.go:23.19,25.3 1 0
QMLauncher/internal/meta/qmserver_create_instance_versions.go:26.2,28.16 3 0
QMLauncher/internal/meta/qmserver_create_instance_versions.go:28.16,30.3 1 0
QMLauncher/internal/meta/qmserver_create_instance_versions.go:31.2,33.16 3 0
QMLauncher/internal/meta/qmserver_create_instance_versions.go:33.16,35.3 1 0
QMLauncher/internal/meta/qmserver_create_instance_versions.go:36.2,36.38 1 0
QMLauncher/internal/meta/qmserver_create_instance_versions.go:36.38,38.3 1 0
QMLauncher/internal/meta/qmserver_create_instance_versions.go:39.2,40.52 2 0
QMLauncher/internal/meta/qmserver_create_instance_versions.go:40.52,42.3 1 0
QMLauncher/internal/meta/qmserver_create_instance_versions.go:43.2,43.22 1 0
QMLauncher/internal/meta/qmserver_create_instance_versions.go:43.22,45.3 1 0
QMLauncher/internal/meta/qmserver_create_instance_versions.go:46.2,46.27 1 0
QMLauncher/internal/meta/qmserver_create_instance_versions.go:51.104,53.19 2 0
QMLauncher/internal/meta/qmserver_create_instance_versions.go:53.19,55.3 1 0
QMLauncher/internal/meta/qmserver_create_instance_versions.go:56.2,57.16 2 0
QMLauncher/internal/meta/qmserver_create_instance_versions.go:57.16,59.3 1 0
QMLauncher/internal/meta/qmserver_create_instance_versions.go:60.2,65.16 6 0
QMLauncher/internal/meta/qmserver_create_instance_versions.go:65.16,67.3 1 0
QMLauncher/internal/meta/qmserver_create_instance_versions.go:68.2,70.16 3 0
QMLauncher/internal/meta/qmserver_create_instance_versions.go:70.16,72.3 1 0
QMLauncher/internal/meta/qmserver_create_instance_versions.go:73.2,73.38 1 0
QMLauncher/internal/meta/qmserver_create_instance_versions.go:73.38,75.3 1 0
QMLauncher/internal/meta/qmserver_create_instance_versions.go:76.2,77.52 2 0
QMLauncher/internal/meta/qmserver_create_instance_versions.go:77.52,79.3 1 0
QMLauncher/internal/meta/qmserver_create_instance_versions.go:80.2,80.22 1 0
QMLauncher/internal/meta/qmserver_create_instance_versions.go:80.22,82.3 1 0
QMLauncher/internal/meta/qmserver_create_instance_versions.go:83.2,83.27 1 0
QMLauncher/internal/meta/remote_store.go:100.29,102.2 1 0
QMLauncher/internal/meta/remote_store.go:104.70,106.16 2 0
QMLauncher/internal/meta/remote_store.go:106.16,108.3 1 0
QMLauncher/internal/meta/remote_store.go:109.2,110.28 2 0
QMLauncher/internal/meta/remote_store.go:110.28,112.3 1 0
QMLauncher/internal/meta/remote_store.go:113.2,115.16 3 0
QMLauncher/internal/meta/remote_store.go:115.16,117.3 1 0
QMLauncher/internal/meta/remote_store.go:118.2,119.53 2 0
QMLauncher/internal/meta/remote_store.go:119.53,122.3 2 0
QMLauncher/internal/meta/remote_store.go:123.2,123.47 1 0
QMLauncher/internal/meta/remote_store.go:127.45,128.54 1 0
QMLauncher/internal/meta/remote_store.go:129.23,130.19 1 0
QMLauncher/internal/meta/remote_store.go:131.21,132.24 1 0
QMLauncher/internal/meta/remote_store.go:133.19,134.26 1 0
QMLauncher/internal/meta/remote_store.go:135.18,136.25 1 0
QMLauncher/internal/meta/remote_store.go:137.10,138.21 1 0
QMLauncher/internal/meta/remote_store.go:143.47,144.54 1 0
QMLauncher/internal/meta/remote_store.go:145.19,146.11 1 0
QMLauncher/internal/meta/remote_store.go:147.10,148.11 1 0
QMLauncher/internal/meta/remote_store.go:152.50,153.54 1 0
QMLauncher/internal/meta/remote_store.go:154.23,155.24 1 0
QMLauncher/internal/meta/remote_store.go:156.21,157.18 1 0
QMLauncher/internal/meta/remote_store.go:158.19,159.20 1 0
QMLauncher/internal/meta/remote_store.go:160.18,161.19 1 0
QMLauncher/internal/meta/remote_store.go:162.10,163.15 1 0
QMLauncher/internal/meta/remote_store.go:167.44,168.54 1 0
QMLauncher/internal/meta/remote_store.go:169.19,170.21 1 0
QMLauncher/internal/meta/remote_store.go:171.10,172.19 1 0
QMLauncher/internal/meta/remote_store.go:177.122,180.18 3 0
QMLauncher/internal/meta/remote_store.go:180.18,182.3 1 0
QMLauncher/internal/meta/remote_store.go:183.2,186.14 4 0
QMLauncher/internal/meta/remote_store.go:186.14,188.3 1 0
QMLauncher/internal/meta/remote_store.go:189.2,199.85 3 0
QMLauncher/internal/meta/remote_store.go:199.85,201.3 1 0
QMLauncher/internal/meta/remote_store.go:202.2,203.29 2 0
QMLauncher/internal/meta/remote_store.go:203.29,205.17 2 0
QMLauncher/internal/meta/remote_store.go:205.17,207.4 1 0
QMLauncher/internal/meta/remote_store.go:208.3,209.37 2 0
QMLauncher/internal/meta/remote_store.go:209.37,211.4 1 0
QMLauncher/internal/meta/remote_store.go:212.3,221.5 1 0
QMLauncher/internal/meta/remote_store.go:223.2,223.17 1 0
QMLauncher/internal/meta/remote_store.go:226.69,227.54 1 0
QMLauncher/internal/meta/remote_store.go:228.23,229.17 1 0
QMLauncher/internal/meta/remote_store.go:229.17,231.4 1 0
QMLauncher/internal/meta/remote_store.go:232.18,233.17 1 0
QMLauncher/internal/meta/remote_store.go:233.17,235.4 1 0
QMLauncher/internal/meta/remote_store.go:236.34,237.76 1 0
QMLauncher/internal/meta/remote_store.go:239.2,239.16 1 0
QMLauncher/internal/meta/remote_store.go:239.16,241.3 1 0
QMLauncher/internal/meta/remote_store.go:242.2,242.75 1 0
QMLauncher/internal/meta/remote_store.go:245.44,247.19 2 0
QMLauncher/internal/meta/remote_store.go:247.19,249.3 1 0
QMLauncher/internal/meta/remote_store.go:250.2,250.24 1 0
QMLauncher/internal/meta/remote_store.go:253.36,255.13 2 0
QMLauncher/internal/meta/remote_store.go:255.13,257.3 1 0
QMLauncher/internal/meta/remote_store.go:258.2,259.24 2 0
QMLauncher/internal/meta/remote_store.go:263.120,267.14 4 0
QMLauncher/internal/meta/remote_store.go:267.14,269.3 1 0
QMLauncher/internal/meta/remote_store.go:270.2,271.16 2 0
QMLauncher/internal/meta/remote_store.go:271.16,273.3 1 0
QMLauncher/internal/meta/remote_store.go:274.2,289.40 11 0
QMLauncher/internal/meta/remote_store.go:289.40,291.3 1 0
QMLauncher/internal/meta/remote_store.go:292.2,293.29 2 0
QMLauncher/internal/meta/remote_store.go:293.29,304.3 1 0
QMLauncher/internal/meta/remote_store.go:305.2,305.17 1 0
QMLauncher/internal/meta/remote_store.go:308.50,309.54 1 0
QMLauncher/internal/meta/remote_store.go:310.23,311.24 1 0
QMLauncher/internal/meta/remote_store.go:312.21,313.18 1 0
QMLauncher/internal/meta/remote_store.go:314.19,315.20 1 0
QMLauncher/internal/meta/remote_store.go:316.18,317.19 1 0
QMLauncher/internal/meta/remote_store.go:318.10,319.15 1 0
QMLauncher/internal/meta/remote_store.go:323.47,325.17 2 0
QMLauncher/internal/meta/remote_store.go:325.17,327.3 1 0
QMLauncher/internal/meta/remote_store.go:328.2,328.49 1 0
QMLauncher/internal/meta/remote_store.go:331.61,338.2 1 0
QMLauncher/internal/meta/remote_store.go:340.44,342.21 2 0
QMLauncher/internal/meta/remote_store.go:342.21,344.3 1 0
QMLauncher/internal/meta/remote_store.go:345.2,345.10 1 0
QMLauncher/internal/meta/remote_store.go:348.46,349.32 1 0
QMLauncher/internal/meta/remote_store.go:349.32,351.3 1 0
QMLauncher/internal/meta/remote_store.go:352.2,352.10 1 0
QMLauncher/internal/meta/remote_store.go:355.53,356.74 1 0
QMLauncher/internal/meta/remote_store.go:356.74,358.3 1 0
QMLauncher/internal/meta/remote_store.go:359.2,359.17 1 0
QMLauncher/internal/meta/remote_store.go:371.77,376.32 4 0
QMLauncher/internal/meta/remote_store.go:376.32,377.19 1 0
QMLauncher/internal/meta/remote_store.go:377.19,379.4 1 0
QMLauncher/internal/meta/remote_store.go:380.3,381.27 2 0
QMLauncher/internal/meta/remote_store.go:384.2,384.36 1 0
QMLauncher/internal/meta/remote_store.go:384.36,386.14 2 0
QMLauncher/internal/meta/remote_store.go:386.14,388.4 1 0
QMLauncher/internal/meta/remote_store.go:389.3,390.30 2 0
QMLauncher/internal/meta/remote_store.go:390.30,393.4 2 0
QMLauncher/internal/meta/remote_store.go:394.3,394.15 1 0
QMLauncher/internal/meta/remote_store.go:394.15,397.4 2 0
QMLauncher/internal/meta/remote_store.go:398.3,399.17 2 0
QMLauncher/internal/meta/remote_store.go:402.2,402.36 1 0
QMLauncher/internal/meta/remote_store.go:402.36,404.14 2 0
QMLauncher/internal/meta/remote_store.go:404.14,406.4 1 0
QMLauncher/internal/meta/remote_store.go:407.3,408.30 2 0
QMLauncher/internal/meta/remote_store.go:408.30,411.4 2 0
QMLauncher/internal/meta/remote_store.go:412.3,412.15 1 0
QMLauncher/internal/meta/remote_store.go:412.15,415.4 2 0
QMLauncher/internal/meta/remote_store.go:416.3,417.17 2 0
QMLauncher/internal/meta/remote_store.go:420.2,421.41 2 0
QMLauncher/internal/meta/remote_store.go:421.41,422.22 1 0
QMLauncher/internal/meta/remote_store.go:422.22,425.4 2 0
QMLauncher/internal/meta/remote_store.go:426.3,426.22 1 0
QMLauncher/internal/meta/remote_store.go:426.22,429.4 2 0
QMLauncher/internal/meta/remote_store.go:432.2,433.26 2 0
QMLauncher/internal/meta/remote_store.go:433.26,435.15 2 0
QMLauncher/internal/meta/remote_store.go:435.15,436.12 1 0
QMLauncher/internal/meta/remote_store.go:438.3,438.10 1 0
QMLauncher/internal/meta/remote_store.go:439.35,450.6 2 0
QMLauncher/internal/meta/remote_store.go:451.20,453.24 2 0
QMLauncher/internal/meta/remote_store.go:454.11,456.24 2 0
QMLauncher/internal/meta/remote_store.go:459.2,459.12 1 0
QMLauncher/internal/meta/remote_store.go:462.52,464.11 2 0
QMLauncher/internal/meta/remote_store.go:465.16,466.28 1 0
QMLauncher/internal/meta/remote_store.go:467.15,469.37 1 0
QMLauncher/internal/meta/remote_store.go:470.15,471.27 1 0
QMLauncher/internal/meta/remote_store.go:472.18,473.30 1 0
QMLauncher/internal/meta/remote_store.go:474.10,475.13 1 0
QMLauncher/internal/meta/remote_store.go:480.61,481.54 1 0
QMLauncher/internal/meta/remote_store.go:482.26,483.14 1 0
QMLauncher/internal/meta/remote_store.go:484.10,485.15 1 0
QMLauncher/internal/meta/remote_store.go:490.49,491.52 1 0
QMLauncher/internal/meta/remote_store.go:492.15,493.11 1 0
QMLauncher/internal/meta/remote_store.go:494.16,495.11 1 0
QMLauncher/internal/meta/remote_store.go:496.15,497.11 1 0
QMLauncher/internal/meta/remote_store.go:498.18,499.11 1 0
QMLauncher/internal/meta/remote_store.go:500.10,501.11 1 0
QMLauncher/internal/meta/remote_store.go:505.148,514.23 5 0
QMLauncher/internal/meta/remote_store.go:514.23,516.3 1 0
QMLauncher/internal/meta/remote_store.go:517.2,517.59 1 0
QMLauncher/internal/meta/remote_store.go:517.59,519.3 1 0
QMLauncher/internal/meta/remote_store.go:520.2,522.94 3 0
QMLauncher/internal/meta/remote_store.go:522.94,524.3 1 0
QMLauncher/internal/meta/remote_store.go:525.2,525.17 1 0
QMLauncher/internal/meta/remote_store.go:528.62,530.16 2 0
QMLauncher/internal/meta/remote_store.go:530.16,532.3 1 0
QMLauncher/internal/meta/remote_store.go:533.2,533.35 1 0
QMLauncher/internal/meta/remote_store.go:533.35,534.52 1 0
QMLauncher/internal/meta/remote_store.go:534.52,536.4 1 0
QMLauncher/internal/meta/remote_store.go:538.2,538.14 1 0
QMLauncher/internal/meta/remote_store.go:541.66,542.20 1 0
QMLauncher/internal/meta/remote_store.go:542.20,544.3 1 0
QMLauncher/internal/meta/remote_store.go:545.2,545.25 1 0
QMLauncher/internal/meta/remote_store.go:545.25,546.32 1 0
QMLauncher/internal/meta/remote_store.go:546.32,547.32 1 0
QMLauncher/internal/meta/remote_store.go:547.32,549.5 1 0
QMLauncher/internal/meta/remote_store.go:552.2,552.14 1 0
QMLauncher/internal/meta/remote_store.go:555.69,556.28 1 0
QMLauncher/internal/meta/remote_store.go:556.28,557.31 1 0
QMLauncher/internal/meta/remote_store.go:557.31,559.4 1 0
QMLauncher/internal/meta/remote_store.go:561.2,561.28 1 0
QMLauncher/internal/meta/remote_store.go:561.28,562.18 1 0
QMLauncher/internal/meta/remote_store.go:562.18,564.4 1 0
QMLauncher/internal/meta/remote_store.go:566.2,566.15 1 0
QMLauncher/internal/meta/remote_store.go:571.122,573.23 2 0
QMLauncher/internal/meta/remote_store.go:573.23,575.3 1 0
QMLauncher/internal/meta/remote_store.go:576.2,578.55 3 0
QMLauncher/internal/meta/remote_store.go:578.55,580.3 1 0
QMLauncher/internal/meta/remote_store.go:581.2,581.24 1 0
QMLauncher/internal/meta/remote_store.go:581.24,583.3 1 0
QMLauncher/internal/meta/remote_store.go:584.2,590.9 6 0
QMLauncher/internal/meta/remote_store.go:591.61,592.27 1 0
QMLauncher/internal/meta/remote_store.go:592.27,594.80 2 0
QMLauncher/internal/meta/remote_store.go:594.80,596.10 2 0
QMLauncher/internal/meta/remote_store.go:599.3,599.20 1 0
QMLauncher/internal/meta/remote_store.go:599.20,601.4 1 0
QMLauncher/internal/meta/remote_store.go:602.61,603.159 1 0
QMLauncher/internal/meta/remote_store.go:604.41,605.24 1 0
QMLauncher/internal/meta/remote_store.go:605.24,607.4 1 0
QMLauncher/internal/meta/remote_store.go:608.3,608.27 1 0
QMLauncher/internal/meta/remote_store.go:608.27,610.43 2 0
QMLauncher/internal/meta/remote_store.go:610.43,612.10 2 0
QMLauncher/internal/meta/remote_store.go:615.3,615.20 1 0
QMLauncher/internal/meta/remote_store.go:615.20,617.4 1 0
QMLauncher/internal/meta/remote_store.go:618.25,619.27 1 0
QMLauncher/internal/meta/remote_store.go:619.27,621.43 2 0
QMLauncher/internal/meta/remote_store.go:621.43,623.10 2 0
QMLauncher/internal/meta/remote_store.go:626.3,626.20 1 0
QMLauncher/internal/meta/remote_store.go:626.20,628.4 1 0
QMLauncher/internal/meta/remote_store.go:629.10,630.24 1 0
QMLauncher/internal/meta/remote_store.go:632.2,633.19 2 0
QMLauncher/internal/meta/remote_store.go:633.19,635.3 1 0
QMLauncher/internal/meta/remote_store.go:636.2,636.17 1 0
QMLauncher/internal/meta/remote_store.go:636.17,638.3 1 0
QMLauncher/internal/meta/remote_store.go:639.2,640.51 2 0
QMLauncher/internal/meta/remote_store.go:640.51,642.3 1 0
QMLauncher/internal/meta/remote_store.go:643.2,643.98 1 0
QMLauncher/internal/meta/remote_store.go:643.98,645.3 1 0
QMLauncher/internal/meta/remote_store.go:646.2,646.22 1 0
QMLauncher/internal/meta/remote_store.go:651.129,653.18 2 0
QMLauncher/internal/meta/remote_store.go:653.18,655.3 1 0
QMLauncher/internal/meta/remote_store.go:656.2,657.16 2 0
QMLauncher/internal/meta/remote_store.go:657.16,659.3 1 0
QMLauncher/internal/meta/remote_store.go:660.2,662.36 3 0
QMLauncher/internal/meta/remote_store.go:662.36,664.3 1 0
QMLauncher/internal/meta/remote_store.go:665.2,668.16 3 0
QMLauncher/internal/meta/remote_store.go:668.16,670.3 1 0
QMLauncher/internal/meta/remote_store.go:671.2,671.28 1 0
QMLauncher/internal/meta/remote_store.go:671.28,672.48 1 0
QMLauncher/internal/meta/remote_store.go:672.48,674.4 1 0
QMLauncher/internal/meta/remote_store.go:675.3,675.24 1 0
QMLauncher/internal/meta/remote_store.go:675.24,677.4 1 0
QMLauncher/internal/meta/remote_store.go:678.3,678.95 1 0
QMLauncher/internal/meta/remote_store.go:680.2,682.20 3 0
QMLauncher/internal/meta/remote_store.go:682.20,684.3 1 0
QMLauncher/internal/meta/remote_store.go:685.2,689.95 3 0
QMLauncher/internal/meta/remote_store.go:689.95,691.3 1 0
QMLauncher/internal/meta/remote_store.go:692.2,692.26 1 0
QMLauncher/internal/meta/remote_store.go:692.26,694.3 1 0
QMLauncher/internal/meta/remote_store.go:695.2,695.51 1 0
QMLauncher/internal/meta/remote_store.go:695.51,697.3 1 0
QMLauncher/internal/meta/remote_store.go:698.2,699.105 2 0
QMLauncher/internal/meta/remote_store.go:699.105,701.3 1 0
QMLauncher/internal/meta/remote_store.go:702.2,702.22 1 0
QMLauncher/pkg/serversdat/serversdat.go:29.77,30.45 1 0
QMLauncher/pkg/serversdat/serversdat.go:30.45,32.3 1 0
QMLauncher/pkg/serversdat/serversdat.go:33.2,37.65 3 0
QMLauncher/pkg/serversdat/serversdat.go:37.65,38.52 1 0
QMLauncher/pkg/serversdat/serversdat.go:38.52,41.4 1 0
QMLauncher/pkg/serversdat/serversdat.go:43.2,43.25 1 0
QMLauncher/pkg/serversdat/serversdat.go:43.25,45.3 1 0
QMLauncher/pkg/serversdat/serversdat.go:48.2,49.49 2 0
QMLauncher/pkg/serversdat/serversdat.go:49.49,51.3 1 0
QMLauncher/pkg/serversdat/serversdat.go:54.2,55.30 2 0
QMLauncher/pkg/serversdat/serversdat.go:55.30,56.33 1 0
QMLauncher/pkg/serversdat/serversdat.go:56.33,59.9 3 0
QMLauncher/pkg/serversdat/serversdat.go:62.2,62.12 1 0
QMLauncher/pkg/serversdat/serversdat.go:62.12,67.3 1 0
QMLauncher/pkg/serversdat/serversdat.go:70.2,71.62 2 0
QMLauncher/pkg/serversdat/serversdat.go:71.62,73.3 1 0
QMLauncher/pkg/serversdat/serversdat.go:74.2,74.62 1 0
QMLauncher/pkg/serversdat/serversdat.go:74.62,76.3 1 0
QMLauncher/pkg/serversdat/serversdat.go:77.2,77.62 1 0
QMLauncher/pkg/serversdat/serversdat.go:77.62,79.3 1 0
QMLauncher/pkg/serversdat/serversdat.go:80.2,80.12 1 0
